{"D:\\projects\\web projects\\sports web app\\API\\src\\index.js":{"path":"D:\\projects\\web projects\\sports web app\\API\\src\\index.js","statementMap":{"0":{"start":{"line":3,"column":0},"end":{"line":5,"column":3}},"1":{"start":{"line":6,"column":0},"end":{"line":6,"column":28}},"2":{"start":{"line":8,"column":15},"end":{"line":8,"column":57}},"3":{"start":{"line":10,"column":12},"end":{"line":10,"column":51}},"4":{"start":{"line":12,"column":14},"end":{"line":12,"column":68}},"5":{"start":{"line":14,"column":18},"end":{"line":14,"column":72}},"6":{"start":{"line":16,"column":16},"end":{"line":16,"column":68}},"7":{"start":{"line":18,"column":16},"end":{"line":18,"column":68}},"8":{"start":{"line":20,"column":13},"end":{"line":20,"column":62}},"9":{"start":{"line":22,"column":12},"end":{"line":22,"column":60}},"10":{"start":{"line":24,"column":39},"end":{"line":24,"column":95}},"11":{"start":{"line":26,"column":11},"end":{"line":26,"column":35}},"12":{"start":{"line":27,"column":10},"end":{"line":27,"column":36}},"13":{"start":{"line":28,"column":0},"end":{"line":28,"column":36}},"14":{"start":{"line":29,"column":0},"end":{"line":29,"column":33}},"15":{"start":{"line":30,"column":0},"end":{"line":32,"column":3}},"16":{"start":{"line":31,"column":2},"end":{"line":31,"column":50}},"17":{"start":{"line":33,"column":0},"end":{"line":33,"column":62}},"18":{"start":{"line":34,"column":0},"end":{"line":34,"column":47}},"19":{"start":{"line":35,"column":0},"end":{"line":35,"column":43}},"20":{"start":{"line":36,"column":0},"end":{"line":36,"column":43}},"21":{"start":{"line":37,"column":0},"end":{"line":37,"column":37}},"22":{"start":{"line":38,"column":0},"end":{"line":38,"column":35}},"23":{"start":{"line":39,"column":0},"end":{"line":43,"column":3}},"24":{"start":{"line":40,"column":2},"end":{"line":42,"column":5}},"25":{"start":{"line":44,"column":0},"end":{"line":46,"column":3}},"26":{"start":{"line":45,"column":2},"end":{"line":45,"column":78}},"27":{"start":{"line":47,"column":15},"end":{"line":47,"column":18}},"28":{"start":{"line":48,"column":0},"end":{"line":48,"column":30}}},"fnMap":{"0":{"name":"_interopRequireDefault","decl":{"start":{"line":24,"column":9},"end":{"line":24,"column":31}},"loc":{"start":{"line":24,"column":37},"end":{"line":24,"column":97}},"line":24},"1":{"name":"(anonymous_1)","decl":{"start":{"line":30,"column":13},"end":{"line":30,"column":14}},"loc":{"start":{"line":30,"column":33},"end":{"line":32,"column":1}},"line":30},"2":{"name":"(anonymous_2)","decl":{"start":{"line":39,"column":8},"end":{"line":39,"column":9}},"loc":{"start":{"line":39,"column":28},"end":{"line":43,"column":1}},"line":39},"3":{"name":"(anonymous_3)","decl":{"start":{"line":44,"column":17},"end":{"line":44,"column":18}},"loc":{"start":{"line":44,"column":29},"end":{"line":46,"column":1}},"line":44}},"branchMap":{"0":{"loc":{"start":{"line":24,"column":46},"end":{"line":24,"column":94}},"type":"cond-expr","locations":[{"start":{"line":24,"column":70},"end":{"line":24,"column":73}},{"start":{"line":24,"column":76},"end":{"line":24,"column":94}}],"line":24},"1":{"loc":{"start":{"line":24,"column":46},"end":{"line":24,"column":67}},"type":"binary-expr","locations":[{"start":{"line":24,"column":46},"end":{"line":24,"column":49}},{"start":{"line":24,"column":53},"end":{"line":24,"column":67}}],"line":24},"2":{"loc":{"start":{"line":26,"column":11},"end":{"line":26,"column":35}},"type":"binary-expr","locations":[{"start":{"line":26,"column":11},"end":{"line":26,"column":27}},{"start":{"line":26,"column":31},"end":{"line":26,"column":35}}],"line":26}},"s":{"0":1,"1":1,"2":1,"3":1,"4":1,"5":1,"6":1,"7":1,"8":1,"9":1,"10":8,"11":1,"12":1,"13":1,"14":1,"15":1,"16":0,"17":1,"18":1,"19":1,"20":1,"21":1,"22":1,"23":1,"24":0,"25":1,"26":1,"27":1,"28":1},"f":{"0":8,"1":0,"2":0,"3":1},"b":{"0":[6,2],"1":[8,8],"2":[1,1]},"inputSourceMap":{"version":3,"names":["PORT","process","env","app","express","use","json","cors","get","req","res","Categories","Products","Checkout","Users","Cart","status","message","listen","logger","info"],"sourceRoot":"D:\\projects\\web projects\\sports web app\\API\\src\\","sources":["index.js"],"sourcesContent":["import express from \"express\";\r\nimport cors from \"cors\";\r\nimport logger from \"./middleware/logger\";\r\n\r\nimport Categories from \"./routes/categories\";\r\nimport Products from \"./routes/products\";\r\nimport Checkout from \"./routes/checkout\";\r\nimport Users from \"./routes/users\";\r\nimport Cart from \"./routes/cart\";\r\n\r\nconst PORT = process.env.PORT || 5000;\r\nconst app = express();\r\n\r\napp.use(express.json());\r\napp.use(cors());\r\n\r\napp.get(\"/\", (req, res) => {\r\n  res.json(\"welcome to the sports ecommerce API\");\r\n});\r\napp.use(\"/uploads\", express.static(\"uploads\"));\r\n\r\napp.use(\"/categories\", Categories);\r\napp.use(\"/products\", Products);\r\napp.use(\"/checkout\", Checkout);\r\napp.use(\"/users\", Users);\r\napp.use(\"/cart\", Cart);\r\n\r\napp.use((req, res) => {\r\n  res.status(404).json({ message: \"route not found!\" });\r\n});\r\n\r\napp.listen(PORT, () => {\r\n  logger.info(`server running at http://localhost:${PORT}`);\r\n});\r\n\r\nexport default app;\r\n"],"mappings":";;;;;;;AAAA;;AACA;;AACA;;AAEA;;AACA;;AACA;;AACA;;AACA;;;;AAEA,IAAMA,IAAI,GAAGC,OAAO,CAACC,GAAR,CAAYF,IAAZ,IAAoB,IAAjC;AACA,IAAMG,GAAG,GAAG,IAAAC,mBAAA,GAAZ;AAEAD,GAAG,CAACE,GAAJ,CAAQD,mBAAA,CAAQE,IAAR,EAAR;AACAH,GAAG,CAACE,GAAJ,CAAQ,IAAAE,gBAAA,GAAR;AAEAJ,GAAG,CAACK,GAAJ,CAAQ,GAAR,EAAa,UAACC,GAAD,EAAMC,GAAN,EAAc;EACzBA,GAAG,CAACJ,IAAJ,CAAS,qCAAT;AACD,CAFD;AAGAH,GAAG,CAACE,GAAJ,CAAQ,UAAR,EAAoBD,mBAAA,WAAe,SAAf,CAApB;AAEAD,GAAG,CAACE,GAAJ,CAAQ,aAAR,EAAuBM,sBAAvB;AACAR,GAAG,CAACE,GAAJ,CAAQ,WAAR,EAAqBO,oBAArB;AACAT,GAAG,CAACE,GAAJ,CAAQ,WAAR,EAAqBQ,oBAArB;AACAV,GAAG,CAACE,GAAJ,CAAQ,QAAR,EAAkBS,iBAAlB;AACAX,GAAG,CAACE,GAAJ,CAAQ,OAAR,EAAiBU,gBAAjB;AAEAZ,GAAG,CAACE,GAAJ,CAAQ,UAACI,GAAD,EAAMC,GAAN,EAAc;EACpBA,GAAG,CAACM,MAAJ,CAAW,GAAX,EAAgBV,IAAhB,CAAqB;IAAEW,OAAO,EAAE;EAAX,CAArB;AACD,CAFD;AAIAd,GAAG,CAACe,MAAJ,CAAWlB,IAAX,EAAiB,YAAM;EACrBmB,kBAAA,CAAOC,IAAP,8CAAkDpB,IAAlD;AACD,CAFD;eAIeG,G"},"_coverageSchema":"1a1c01bbd47fc00a2c39e90264f33305004495a9","hash":"b287244deacb812ed29f620340325bae0967af39","contentHash":"e76bcb61de5c74cde2adc0f4935a4f59fd5a2c0365e338633735445d090a9267"},"D:\\projects\\web projects\\sports web app\\API\\src\\middleware\\logger.js":{"path":"D:\\projects\\web projects\\sports web app\\API\\src\\middleware\\logger.js","statementMap":{"0":{"start":{"line":3,"column":0},"end":{"line":5,"column":3}},"1":{"start":{"line":6,"column":0},"end":{"line":6,"column":28}},"2":{"start":{"line":8,"column":15},"end":{"line":8,"column":33}},"3":{"start":{"line":10,"column":13},"end":{"line":20,"column":2}},"4":{"start":{"line":18,"column":4},"end":{"line":18,"column":102}},"5":{"start":{"line":21,"column":15},"end":{"line":21,"column":21}},"6":{"start":{"line":22,"column":0},"end":{"line":22,"column":30}}},"fnMap":{"0":{"name":"(anonymous_0)","decl":{"start":{"line":17,"column":29},"end":{"line":17,"column":30}},"loc":{"start":{"line":17,"column":48},"end":{"line":19,"column":3}},"line":17}},"branchMap":{},"s":{"0":1,"1":1,"2":1,"3":1,"4":23,"5":1,"6":1},"f":{"0":23},"b":{},"inputSourceMap":{"version":3,"names":["logger","createLogger","transports","File","filename","level","Console","format","combine","colorize","timestamp","printf","message"],"sourceRoot":"D:\\projects\\web projects\\sports web app\\API\\src\\middleware\\","sources":["logger.js"],"sourcesContent":["import { createLogger, format, transports } from \"winston\";\r\n\r\nconst logger = createLogger({\r\n  transports: [\r\n    new transports.File({ filename: \"logs/errors.log\", level: \"error\" }),\r\n    new transports.Console(),\r\n  ],\r\n  format: format.combine(\r\n    format.colorize(),\r\n    format.timestamp({ format: \"DD/MM/YYYY hh:mm A\" }),\r\n    format.printf(\r\n      (message) =>\r\n        `${message.timestamp} | [${message.level}] : ${message.message}`\r\n    )\r\n  ),\r\n});\r\n\r\nexport default logger;\r\n"],"mappings":";;;;;;;AAAA;;AAEA,IAAMA,MAAM,GAAG,IAAAC,qBAAA,EAAa;EAC1BC,UAAU,EAAE,CACV,IAAIA,mBAAA,CAAWC,IAAf,CAAoB;IAAEC,QAAQ,EAAE,iBAAZ;IAA+BC,KAAK,EAAE;EAAtC,CAApB,CADU,EAEV,IAAIH,mBAAA,CAAWI,OAAf,EAFU,CADc;EAK1BC,MAAM,EAAEA,eAAA,CAAOC,OAAP,CACND,eAAA,CAAOE,QAAP,EADM,EAENF,eAAA,CAAOG,SAAP,CAAiB;IAAEH,MAAM,EAAE;EAAV,CAAjB,CAFM,EAGNA,eAAA,CAAOI,MAAP,CACE,UAACC,OAAD;IAAA,iBACKA,OAAO,CAACF,SADb,iBAC6BE,OAAO,CAACP,KADrC,iBACiDO,OAAO,CAACA,OADzD;EAAA,CADF,CAHM;AALkB,CAAb,CAAf;eAeeZ,M"},"_coverageSchema":"1a1c01bbd47fc00a2c39e90264f33305004495a9","hash":"d2b56c35ae7a7ac076e244b62e97ac7fb7531f59","contentHash":"b74f483070ff8f07cc82201544167c7f8e252f7919dc81e840efddaaf3d8c188"},"D:\\projects\\web projects\\sports web app\\API\\src\\routes\\categories.js":{"path":"D:\\projects\\web projects\\sports web app\\API\\src\\routes\\categories.js","statementMap":{"0":{"start":{"line":3,"column":51},"end":{"line":3,"column":334}},"1":{"start":{"line":3,"column":153},"end":{"line":3,"column":171}},"2":{"start":{"line":3,"column":193},"end":{"line":3,"column":317}},"3":{"start":{"line":5,"column":0},"end":{"line":7,"column":3}},"4":{"start":{"line":8,"column":0},"end":{"line":8,"column":28}},"5":{"start":{"line":10,"column":15},"end":{"line":10,"column":33}},"6":{"start":{"line":12,"column":17},"end":{"line":12,"column":78}},"7":{"start":{"line":14,"column":49},"end":{"line":14,"column":96}},"8":{"start":{"line":14,"column":84},"end":{"line":14,"column":96}},"9":{"start":{"line":14,"column":121},"end":{"line":14,"column":134}},"10":{"start":{"line":14,"column":159},"end":{"line":14,"column":172}},"11":{"start":{"line":14,"column":174},"end":{"line":14,"column":333}},"12":{"start":{"line":14,"column":258},"end":{"line":14,"column":316}},"13":{"start":{"line":16,"column":53},"end":{"line":16,"column":111}},"14":{"start":{"line":16,"column":98},"end":{"line":16,"column":109}},"15":{"start":{"line":16,"column":112},"end":{"line":16,"column":218}},"16":{"start":{"line":16,"column":190},"end":{"line":16,"column":216}},"17":{"start":{"line":16,"column":231},"end":{"line":16,"column":268}},"18":{"start":{"line":16,"column":270},"end":{"line":16,"column":325}},"19":{"start":{"line":16,"column":301},"end":{"line":16,"column":323}},"20":{"start":{"line":16,"column":339},"end":{"line":16,"column":341}},"21":{"start":{"line":16,"column":371},"end":{"line":16,"column":427}},"22":{"start":{"line":16,"column":429},"end":{"line":16,"column":730}},"23":{"start":{"line":16,"column":452},"end":{"line":16,"column":728}},"24":{"start":{"line":16,"column":538},"end":{"line":16,"column":610}},"25":{"start":{"line":16,"column":612},"end":{"line":16,"column":726}},"26":{"start":{"line":16,"column":650},"end":{"line":16,"column":691}},"27":{"start":{"line":16,"column":701},"end":{"line":16,"column":724}},"28":{"start":{"line":16,"column":731},"end":{"line":16,"column":755}},"29":{"start":{"line":16,"column":756},"end":{"line":16,"column":794}},"30":{"start":{"line":16,"column":769},"end":{"line":16,"column":792}},"31":{"start":{"line":16,"column":795},"end":{"line":16,"column":809}},"32":{"start":{"line":18,"column":13},"end":{"line":18,"column":35}},"33":{"start":{"line":19,"column":0},"end":{"line":19,"column":43}},"34":{"start":{"line":20,"column":0},"end":{"line":20,"column":41}},"35":{"start":{"line":21,"column":0},"end":{"line":21,"column":49}},"36":{"start":{"line":22,"column":15},"end":{"line":22,"column":21}},"37":{"start":{"line":23,"column":0},"end":{"line":23,"column":30}}},"fnMap":{"0":{"name":"_typeof","decl":{"start":{"line":3,"column":9},"end":{"line":3,"column":16}},"loc":{"start":{"line":3,"column":22},"end":{"line":3,"column":336}},"line":3},"1":{"name":"(anonymous_1)","decl":{"start":{"line":3,"column":136},"end":{"line":3,"column":137}},"loc":{"start":{"line":3,"column":151},"end":{"line":3,"column":173}},"line":3},"2":{"name":"(anonymous_2)","decl":{"start":{"line":3,"column":176},"end":{"line":3,"column":177}},"loc":{"start":{"line":3,"column":191},"end":{"line":3,"column":319}},"line":3},"3":{"name":"_getRequireWildcardCache","decl":{"start":{"line":14,"column":9},"end":{"line":14,"column":33}},"loc":{"start":{"line":14,"column":47},"end":{"line":14,"column":335}},"line":14},"4":{"name":"_getRequireWildcardCache","decl":{"start":{"line":14,"column":218},"end":{"line":14,"column":242}},"loc":{"start":{"line":14,"column":256},"end":{"line":14,"column":318}},"line":14},"5":{"name":"_interopRequireWildcard","decl":{"start":{"line":16,"column":9},"end":{"line":16,"column":32}},"loc":{"start":{"line":16,"column":51},"end":{"line":16,"column":811}},"line":16}},"branchMap":{"0":{"loc":{"start":{"line":3,"column":68},"end":{"line":3,"column":319}},"type":"cond-expr","locations":[{"start":{"line":3,"column":136},"end":{"line":3,"column":173}},{"start":{"line":3,"column":176},"end":{"line":3,"column":319}}],"line":3},"1":{"loc":{"start":{"line":3,"column":68},"end":{"line":3,"column":133}},"type":"binary-expr","locations":[{"start":{"line":3,"column":68},"end":{"line":3,"column":95}},{"start":{"line":3,"column":99},"end":{"line":3,"column":133}}],"line":3},"2":{"loc":{"start":{"line":3,"column":200},"end":{"line":3,"column":316}},"type":"cond-expr","locations":[{"start":{"line":3,"column":295},"end":{"line":3,"column":303}},{"start":{"line":3,"column":306},"end":{"line":3,"column":316}}],"line":3},"3":{"loc":{"start":{"line":3,"column":200},"end":{"line":3,"column":292}},"type":"binary-expr","locations":[{"start":{"line":3,"column":200},"end":{"line":3,"column":203}},{"start":{"line":3,"column":207},"end":{"line":3,"column":234}},{"start":{"line":3,"column":238},"end":{"line":3,"column":264}},{"start":{"line":3,"column":268},"end":{"line":3,"column":292}}],"line":3},"4":{"loc":{"start":{"line":14,"column":49},"end":{"line":14,"column":96}},"type":"if","locations":[{"start":{"line":14,"column":49},"end":{"line":14,"column":96}},{"start":{"line":14,"column":49},"end":{"line":14,"column":96}}],"line":14},"5":{"loc":{"start":{"line":14,"column":265},"end":{"line":14,"column":315}},"type":"cond-expr","locations":[{"start":{"line":14,"column":279},"end":{"line":14,"column":295}},{"start":{"line":14,"column":298},"end":{"line":14,"column":315}}],"line":14},"6":{"loc":{"start":{"line":16,"column":53},"end":{"line":16,"column":111}},"type":"if","locations":[{"start":{"line":16,"column":53},"end":{"line":16,"column":111}},{"start":{"line":16,"column":53},"end":{"line":16,"column":111}}],"line":16},"7":{"loc":{"start":{"line":16,"column":57},"end":{"line":16,"column":94}},"type":"binary-expr","locations":[{"start":{"line":16,"column":57},"end":{"line":16,"column":69}},{"start":{"line":16,"column":73},"end":{"line":16,"column":76}},{"start":{"line":16,"column":80},"end":{"line":16,"column":94}}],"line":16},"8":{"loc":{"start":{"line":16,"column":112},"end":{"line":16,"column":218}},"type":"if","locations":[{"start":{"line":16,"column":112},"end":{"line":16,"column":218}},{"start":{"line":16,"column":112},"end":{"line":16,"column":218}}],"line":16},"9":{"loc":{"start":{"line":16,"column":116},"end":{"line":16,"column":186}},"type":"binary-expr","locations":[{"start":{"line":16,"column":116},"end":{"line":16,"column":128}},{"start":{"line":16,"column":132},"end":{"line":16,"column":157}},{"start":{"line":16,"column":161},"end":{"line":16,"column":186}}],"line":16},"10":{"loc":{"start":{"line":16,"column":270},"end":{"line":16,"column":325}},"type":"if","locations":[{"start":{"line":16,"column":270},"end":{"line":16,"column":325}},{"start":{"line":16,"column":270},"end":{"line":16,"column":325}}],"line":16},"11":{"loc":{"start":{"line":16,"column":274},"end":{"line":16,"column":297}},"type":"binary-expr","locations":[{"start":{"line":16,"column":274},"end":{"line":16,"column":279}},{"start":{"line":16,"column":283},"end":{"line":16,"column":297}}],"line":16},"12":{"loc":{"start":{"line":16,"column":371},"end":{"line":16,"column":427}},"type":"binary-expr","locations":[{"start":{"line":16,"column":371},"end":{"line":16,"column":392}},{"start":{"line":16,"column":396},"end":{"line":16,"column":427}}],"line":16},"13":{"loc":{"start":{"line":16,"column":452},"end":{"line":16,"column":728}},"type":"if","locations":[{"start":{"line":16,"column":452},"end":{"line":16,"column":728}},{"start":{"line":16,"column":452},"end":{"line":16,"column":728}}],"line":16},"14":{"loc":{"start":{"line":16,"column":456},"end":{"line":16,"column":523}},"type":"binary-expr","locations":[{"start":{"line":16,"column":456},"end":{"line":16,"column":473}},{"start":{"line":16,"column":477},"end":{"line":16,"column":523}}],"line":16},"15":{"loc":{"start":{"line":16,"column":538},"end":{"line":16,"column":610}},"type":"cond-expr","locations":[{"start":{"line":16,"column":562},"end":{"line":16,"column":603}},{"start":{"line":16,"column":606},"end":{"line":16,"column":610}}],"line":16},"16":{"loc":{"start":{"line":16,"column":612},"end":{"line":16,"column":726}},"type":"if","locations":[{"start":{"line":16,"column":612},"end":{"line":16,"column":726}},{"start":{"line":16,"column":612},"end":{"line":16,"column":726}}],"line":16},"17":{"loc":{"start":{"line":16,"column":616},"end":{"line":16,"column":646}},"type":"binary-expr","locations":[{"start":{"line":16,"column":616},"end":{"line":16,"column":620}},{"start":{"line":16,"column":625},"end":{"line":16,"column":633}},{"start":{"line":16,"column":637},"end":{"line":16,"column":645}}],"line":16},"18":{"loc":{"start":{"line":16,"column":756},"end":{"line":16,"column":794}},"type":"if","locations":[{"start":{"line":16,"column":756},"end":{"line":16,"column":794}},{"start":{"line":16,"column":756},"end":{"line":16,"column":794}}],"line":16}},"s":{"0":0,"1":0,"2":0,"3":1,"4":1,"5":1,"6":1,"7":0,"8":0,"9":0,"10":0,"11":0,"12":0,"13":1,"14":1,"15":0,"16":0,"17":0,"18":0,"19":0,"20":0,"21":0,"22":0,"23":0,"24":0,"25":0,"26":0,"27":0,"28":0,"29":0,"30":0,"31":0,"32":1,"33":1,"34":1,"35":1,"36":1,"37":1},"f":{"0":0,"1":0,"2":0,"3":0,"4":0,"5":1},"b":{"0":[0,0],"1":[0,0],"2":[0,0],"3":[0,0,0,0],"4":[0,0],"5":[0,0],"6":[1,0],"7":[1,1,1],"8":[0,0],"9":[0,0,0],"10":[0,0],"11":[0,0],"12":[0,0],"13":[0,0],"14":[0,0],"15":[0,0],"16":[0,0],"17":[0,0,0],"18":[0,0]},"inputSourceMap":{"version":3,"names":["router","Router","get","categories","listCategories","post","addCategory","deleteCategory"],"sourceRoot":"D:\\projects\\web projects\\sports web app\\API\\src\\routes\\","sources":["categories.js"],"sourcesContent":["import { Router } from \"express\";\r\nimport * as categories from \"../controllers/categories\";\r\nconst router = Router();\r\n\r\nrouter.get(\"/\", categories.listCategories);\r\nrouter.post(\"/\", categories.addCategory);\r\nrouter.delete(\"/\", categories.deleteCategory);\r\n\r\nexport default router;\r\n"],"mappings":";;;;;;;;;AAAA;;AACA;;;;;;AACA,IAAMA,MAAM,GAAG,IAAAC,eAAA,GAAf;AAEAD,MAAM,CAACE,GAAP,CAAW,GAAX,EAAgBC,UAAU,CAACC,cAA3B;AACAJ,MAAM,CAACK,IAAP,CAAY,GAAZ,EAAiBF,UAAU,CAACG,WAA5B;AACAN,MAAM,UAAN,CAAc,GAAd,EAAmBG,UAAU,CAACI,cAA9B;eAEeP,M"},"_coverageSchema":"1a1c01bbd47fc00a2c39e90264f33305004495a9","hash":"96cfbfa4dd2b3832214694caad73402e8e7fc2bf","contentHash":"8950339ebc8d61dc22b7c10854a96fa63fae5e93dd04b7b228999c8f8e3a9833"},"D:\\projects\\web projects\\sports web app\\API\\src\\controllers\\categories.js":{"path":"D:\\projects\\web projects\\sports web app\\API\\src\\controllers\\categories.js","statementMap":{"0":{"start":{"line":3,"column":51},"end":{"line":3,"column":334}},"1":{"start":{"line":3,"column":153},"end":{"line":3,"column":171}},"2":{"start":{"line":3,"column":193},"end":{"line":3,"column":317}},"3":{"start":{"line":5,"column":0},"end":{"line":7,"column":3}},"4":{"start":{"line":8,"column":0},"end":{"line":8,"column":79}},"5":{"start":{"line":10,"column":14},"end":{"line":10,"column":69}},"6":{"start":{"line":12,"column":16},"end":{"line":12,"column":69}},"7":{"start":{"line":14,"column":39},"end":{"line":14,"column":95}},"8":{"start":{"line":16,"column":196},"end":{"line":16,"column":269}},"9":{"start":{"line":16,"column":251},"end":{"line":16,"column":266}},"10":{"start":{"line":16,"column":284},"end":{"line":16,"column":286}},"11":{"start":{"line":16,"column":293},"end":{"line":16,"column":309}},"12":{"start":{"line":16,"column":320},"end":{"line":16,"column":337}},"13":{"start":{"line":16,"column":349},"end":{"line":16,"column":390}},"14":{"start":{"line":16,"column":409},"end":{"line":16,"column":441}},"15":{"start":{"line":16,"column":465},"end":{"line":16,"column":507}},"16":{"start":{"line":16,"column":529},"end":{"line":16,"column":567}},"17":{"start":{"line":16,"column":604},"end":{"line":16,"column":719}},"18":{"start":{"line":16,"column":722},"end":{"line":16,"column":833}},"19":{"start":{"line":16,"column":728},"end":{"line":16,"column":743}},"20":{"start":{"line":16,"column":760},"end":{"line":16,"column":831}},"21":{"start":{"line":16,"column":804},"end":{"line":16,"column":828}},"22":{"start":{"line":16,"column":908},"end":{"line":16,"column":979}},"23":{"start":{"line":16,"column":993},"end":{"line":16,"column":1032}},"24":{"start":{"line":16,"column":1044},"end":{"line":16,"column":1074}},"25":{"start":{"line":16,"column":1076},"end":{"line":16,"column":2327}},"26":{"start":{"line":16,"column":1151},"end":{"line":16,"column":1167}},"27":{"start":{"line":16,"column":1169},"end":{"line":16,"column":2289}},"28":{"start":{"line":16,"column":1201},"end":{"line":16,"column":1276}},"29":{"start":{"line":16,"column":1228},"end":{"line":16,"column":1276}},"30":{"start":{"line":16,"column":1277},"end":{"line":16,"column":1363}},"31":{"start":{"line":16,"column":1306},"end":{"line":16,"column":1340}},"32":{"start":{"line":16,"column":1330},"end":{"line":16,"column":1340}},"33":{"start":{"line":16,"column":1341},"end":{"line":16,"column":1361}},"34":{"start":{"line":16,"column":1364},"end":{"line":16,"column":2286}},"35":{"start":{"line":16,"column":1432},"end":{"line":16,"column":1448}},"36":{"start":{"line":16,"column":1450},"end":{"line":16,"column":1626}},"37":{"start":{"line":16,"column":1487},"end":{"line":16,"column":1525}},"38":{"start":{"line":16,"column":1527},"end":{"line":16,"column":1624}},"39":{"start":{"line":16,"column":1549},"end":{"line":16,"column":1599}},"40":{"start":{"line":16,"column":1590},"end":{"line":16,"column":1599}},"41":{"start":{"line":16,"column":1600},"end":{"line":16,"column":1622}},"42":{"start":{"line":16,"column":1627},"end":{"line":16,"column":1928}},"43":{"start":{"line":16,"column":1658},"end":{"line":16,"column":1701}},"44":{"start":{"line":16,"column":1706},"end":{"line":16,"column":1928}},"45":{"start":{"line":16,"column":1740},"end":{"line":16,"column":1811}},"46":{"start":{"line":16,"column":1772},"end":{"line":16,"column":1811}},"47":{"start":{"line":16,"column":1812},"end":{"line":16,"column":1851}},"48":{"start":{"line":16,"column":1859},"end":{"line":16,"column":1928}},"49":{"start":{"line":16,"column":1929},"end":{"line":16,"column":1949}},"50":{"start":{"line":16,"column":1963},"end":{"line":16,"column":1995}},"51":{"start":{"line":16,"column":1997},"end":{"line":16,"column":2182}},"52":{"start":{"line":16,"column":2029},"end":{"line":16,"column":2130}},"53":{"start":{"line":16,"column":2121},"end":{"line":16,"column":2130}},"54":{"start":{"line":16,"column":2131},"end":{"line":16,"column":2180}},"55":{"start":{"line":16,"column":2183},"end":{"line":16,"column":2284}},"56":{"start":{"line":16,"column":2364},"end":{"line":16,"column":2474}},"57":{"start":{"line":16,"column":2370},"end":{"line":16,"column":2420}},"58":{"start":{"line":16,"column":2437},"end":{"line":16,"column":2472}},"59":{"start":{"line":16,"column":2477},"end":{"line":16,"column":2497}},"60":{"start":{"line":16,"column":2521},"end":{"line":16,"column":2523}},"61":{"start":{"line":16,"column":2646},"end":{"line":16,"column":2648}},"62":{"start":{"line":16,"column":2650},"end":{"line":16,"column":2722}},"63":{"start":{"line":16,"column":2706},"end":{"line":16,"column":2718}},"64":{"start":{"line":16,"column":2738},"end":{"line":16,"column":2759}},"65":{"start":{"line":16,"column":2787},"end":{"line":16,"column":2829}},"66":{"start":{"line":16,"column":2831},"end":{"line":16,"column":2994}},"67":{"start":{"line":16,"column":3004},"end":{"line":16,"column":3097}},"68":{"start":{"line":16,"column":3143},"end":{"line":16,"column":3283}},"69":{"start":{"line":16,"column":3199},"end":{"line":16,"column":3279}},"70":{"start":{"line":16,"column":3242},"end":{"line":16,"column":3275}},"71":{"start":{"line":16,"column":3396},"end":{"line":16,"column":3439}},"72":{"start":{"line":16,"column":3441},"end":{"line":16,"column":3933}},"73":{"start":{"line":16,"column":3485},"end":{"line":16,"column":3495}},"74":{"start":{"line":16,"column":3505},"end":{"line":16,"column":3517}},"75":{"start":{"line":16,"column":3519},"end":{"line":16,"column":3931}},"76":{"start":{"line":16,"column":3656},"end":{"line":16,"column":3695}},"77":{"start":{"line":16,"column":3716},"end":{"line":16,"column":3754}},"78":{"start":{"line":16,"column":3815},"end":{"line":16,"column":3857}},"79":{"start":{"line":16,"column":3880},"end":{"line":16,"column":3927}},"80":{"start":{"line":16,"column":3934},"end":{"line":16,"column":3953}},"81":{"start":{"line":16,"column":3977},"end":{"line":16,"column":4307}},"82":{"start":{"line":16,"column":4057},"end":{"line":16,"column":4150}},"83":{"start":{"line":16,"column":4109},"end":{"line":16,"column":4146}},"84":{"start":{"line":16,"column":4153},"end":{"line":16,"column":4304}},"85":{"start":{"line":16,"column":4373},"end":{"line":16,"column":4406}},"86":{"start":{"line":16,"column":4408},"end":{"line":16,"column":4810}},"87":{"start":{"line":16,"column":4436},"end":{"line":16,"column":4783}},"88":{"start":{"line":16,"column":4495},"end":{"line":16,"column":4676}},"89":{"start":{"line":16,"column":4652},"end":{"line":16,"column":4676}},"90":{"start":{"line":16,"column":4677},"end":{"line":16,"column":4781}},"91":{"start":{"line":16,"column":4784},"end":{"line":16,"column":4808}},"92":{"start":{"line":16,"column":4824},"end":{"line":16,"column":4872}},"93":{"start":{"line":16,"column":4874},"end":{"line":16,"column":5004}},"94":{"start":{"line":16,"column":4903},"end":{"line":16,"column":5004}},"95":{"start":{"line":16,"column":5016},"end":{"line":16,"column":5026}},"96":{"start":{"line":16,"column":5028},"end":{"line":16,"column":5401}},"97":{"start":{"line":16,"column":5446},"end":{"line":16,"column":5465}},"98":{"start":{"line":16,"column":5467},"end":{"line":16,"column":5605}},"99":{"start":{"line":16,"column":5653},"end":{"line":16,"column":5675}},"100":{"start":{"line":16,"column":5677},"end":{"line":16,"column":5746}},"101":{"start":{"line":16,"column":5781},"end":{"line":16,"column":5877}},"102":{"start":{"line":16,"column":5908},"end":{"line":16,"column":6358}},"103":{"start":{"line":16,"column":5945},"end":{"line":16,"column":5969}},"104":{"start":{"line":16,"column":5971},"end":{"line":16,"column":6028}},"105":{"start":{"line":16,"column":5991},"end":{"line":16,"column":6028}},"106":{"start":{"line":16,"column":6029},"end":{"line":16,"column":6085}},"107":{"start":{"line":16,"column":6069},"end":{"line":16,"column":6085}},"108":{"start":{"line":16,"column":6086},"end":{"line":16,"column":6356}},"109":{"start":{"line":16,"column":6125},"end":{"line":16,"column":6127}},"110":{"start":{"line":16,"column":6136},"end":{"line":16,"column":6328}},"111":{"start":{"line":16,"column":6154},"end":{"line":16,"column":6273}},"112":{"start":{"line":16,"column":6187},"end":{"line":16,"column":6271}},"113":{"start":{"line":16,"column":6217},"end":{"line":16,"column":6271}},"114":{"start":{"line":16,"column":6274},"end":{"line":16,"column":6326}},"115":{"start":{"line":16,"column":6330},"end":{"line":16,"column":6354}},"116":{"start":{"line":16,"column":6359},"end":{"line":16,"column":6387}},"117":{"start":{"line":16,"column":6414},"end":{"line":16,"column":6452}},"118":{"start":{"line":16,"column":6455},"end":{"line":16,"column":11795}},"119":{"start":{"line":16,"column":6814},"end":{"line":16,"column":6863}},"120":{"start":{"line":16,"column":6865},"end":{"line":16,"column":6970}},"121":{"start":{"line":16,"column":7009},"end":{"line":16,"column":7250}},"122":{"start":{"line":16,"column":7287},"end":{"line":16,"column":7311}},"123":{"start":{"line":16,"column":7430},"end":{"line":16,"column":7442}},"124":{"start":{"line":16,"column":7564},"end":{"line":16,"column":7614}},"125":{"start":{"line":16,"column":7626},"end":{"line":16,"column":7699}},"126":{"start":{"line":16,"column":7701},"end":{"line":16,"column":7843}},"127":{"start":{"line":16,"column":7791},"end":{"line":16,"column":7839}},"128":{"start":{"line":16,"column":7959},"end":{"line":16,"column":7971}},"129":{"start":{"line":16,"column":8013},"end":{"line":16,"column":8041}},"130":{"start":{"line":16,"column":8092},"end":{"line":16,"column":8094}},"131":{"start":{"line":16,"column":8096},"end":{"line":16,"column":8139}},"132":{"start":{"line":16,"column":8122},"end":{"line":16,"column":8137}},"133":{"start":{"line":16,"column":8140},"end":{"line":16,"column":8325}},"134":{"start":{"line":16,"column":8181},"end":{"line":16,"column":8293}},"135":{"start":{"line":16,"column":8214},"end":{"line":16,"column":8224}},"136":{"start":{"line":16,"column":8226},"end":{"line":16,"column":8291}},"137":{"start":{"line":16,"column":8245},"end":{"line":16,"column":8291}},"138":{"start":{"line":16,"column":8294},"end":{"line":16,"column":8322}},"139":{"start":{"line":16,"column":8437},"end":{"line":16,"column":8776}},"140":{"start":{"line":16,"column":8645},"end":{"line":16,"column":8776}},"141":{"start":{"line":16,"column":8670},"end":{"line":16,"column":8774}},"142":{"start":{"line":16,"column":8804},"end":{"line":16,"column":8819}},"143":{"start":{"line":16,"column":8837},"end":{"line":16,"column":8866}},"144":{"start":{"line":16,"column":8868},"end":{"line":16,"column":8922}},"145":{"start":{"line":16,"column":8901},"end":{"line":16,"column":8922}},"146":{"start":{"line":16,"column":8923},"end":{"line":16,"column":8940}},"147":{"start":{"line":16,"column":9003},"end":{"line":16,"column":9034}},"148":{"start":{"line":16,"column":9018},"end":{"line":16,"column":9034}},"149":{"start":{"line":16,"column":9049},"end":{"line":16,"column":9053}},"150":{"start":{"line":16,"column":9086},"end":{"line":16,"column":9231}},"151":{"start":{"line":16,"column":9234},"end":{"line":16,"column":9938}},"152":{"start":{"line":16,"column":9247},"end":{"line":16,"column":9273}},"153":{"start":{"line":16,"column":9302},"end":{"line":16,"column":9320}},"154":{"start":{"line":16,"column":9331},"end":{"line":16,"column":9347}},"155":{"start":{"line":16,"column":9349},"end":{"line":16,"column":9399}},"156":{"start":{"line":16,"column":9378},"end":{"line":16,"column":9399}},"157":{"start":{"line":16,"column":9400},"end":{"line":16,"column":9936}},"158":{"start":{"line":16,"column":9448},"end":{"line":16,"column":9478}},"159":{"start":{"line":16,"column":9493},"end":{"line":16,"column":9525}},"160":{"start":{"line":16,"column":9527},"end":{"line":16,"column":9934}},"161":{"start":{"line":16,"column":9557},"end":{"line":16,"column":9623}},"162":{"start":{"line":16,"column":9589},"end":{"line":16,"column":9623}},"163":{"start":{"line":16,"column":9624},"end":{"line":16,"column":9690}},"164":{"start":{"line":16,"column":9658},"end":{"line":16,"column":9690}},"165":{"start":{"line":16,"column":9698},"end":{"line":16,"column":9934}},"166":{"start":{"line":16,"column":9714},"end":{"line":16,"column":9780}},"167":{"start":{"line":16,"column":9746},"end":{"line":16,"column":9780}},"168":{"start":{"line":16,"column":9790},"end":{"line":16,"column":9865}},"169":{"start":{"line":16,"column":9807},"end":{"line":16,"column":9865}},"170":{"start":{"line":16,"column":9866},"end":{"line":16,"column":9932}},"171":{"start":{"line":16,"column":9900},"end":{"line":16,"column":9932}},"172":{"start":{"line":16,"column":9979},"end":{"line":16,"column":10204}},"173":{"start":{"line":16,"column":9992},"end":{"line":16,"column":10018}},"174":{"start":{"line":16,"column":10047},"end":{"line":16,"column":10065}},"175":{"start":{"line":16,"column":10067},"end":{"line":16,"column":10202}},"176":{"start":{"line":16,"column":10187},"end":{"line":16,"column":10192}},"177":{"start":{"line":16,"column":10194},"end":{"line":16,"column":10200}},"178":{"start":{"line":16,"column":10205},"end":{"line":16,"column":10352}},"179":{"start":{"line":16,"column":10366},"end":{"line":16,"column":10409}},"180":{"start":{"line":16,"column":10411},"end":{"line":16,"column":10573}},"181":{"start":{"line":16,"column":10625},"end":{"line":16,"column":10671}},"182":{"start":{"line":16,"column":10654},"end":{"line":16,"column":10671}},"183":{"start":{"line":16,"column":10672},"end":{"line":16,"column":10949}},"184":{"start":{"line":16,"column":10991},"end":{"line":16,"column":11213}},"185":{"start":{"line":16,"column":11004},"end":{"line":16,"column":11030}},"186":{"start":{"line":16,"column":11059},"end":{"line":16,"column":11077}},"187":{"start":{"line":16,"column":11079},"end":{"line":16,"column":11211}},"188":{"start":{"line":16,"column":11116},"end":{"line":16,"column":11211}},"189":{"start":{"line":16,"column":11252},"end":{"line":16,"column":11500}},"190":{"start":{"line":16,"column":11265},"end":{"line":16,"column":11291}},"191":{"start":{"line":16,"column":11320},"end":{"line":16,"column":11338}},"192":{"start":{"line":16,"column":11340},"end":{"line":16,"column":11498}},"193":{"start":{"line":16,"column":11384},"end":{"line":16,"column":11400}},"194":{"start":{"line":16,"column":11402},"end":{"line":16,"column":11481}},"195":{"start":{"line":16,"column":11446},"end":{"line":16,"column":11456}},"196":{"start":{"line":16,"column":11458},"end":{"line":16,"column":11479}},"197":{"start":{"line":16,"column":11482},"end":{"line":16,"column":11496}},"198":{"start":{"line":16,"column":11501},"end":{"line":16,"column":11542}},"199":{"start":{"line":16,"column":11617},"end":{"line":16,"column":11781}},"200":{"start":{"line":18,"column":77},"end":{"line":18,"column":175}},"201":{"start":{"line":18,"column":94},"end":{"line":18,"column":107}},"202":{"start":{"line":18,"column":121},"end":{"line":18,"column":131}},"203":{"start":{"line":18,"column":151},"end":{"line":18,"column":165}},"204":{"start":{"line":18,"column":166},"end":{"line":18,"column":173}},"205":{"start":{"line":18,"column":176},"end":{"line":18,"column":263}},"206":{"start":{"line":18,"column":193},"end":{"line":18,"column":208}},"207":{"start":{"line":18,"column":218},"end":{"line":18,"column":261}},"208":{"start":{"line":20,"column":33},"end":{"line":20,"column":387}},"209":{"start":{"line":20,"column":65},"end":{"line":20,"column":69}},"210":{"start":{"line":20,"column":78},"end":{"line":20,"column":87}},"211":{"start":{"line":20,"column":89},"end":{"line":20,"column":384}},"212":{"start":{"line":20,"column":147},"end":{"line":20,"column":167}},"213":{"start":{"line":20,"column":193},"end":{"line":20,"column":264}},"214":{"start":{"line":20,"column":290},"end":{"line":20,"column":360}},"215":{"start":{"line":20,"column":363},"end":{"line":20,"column":380}},"216":{"start":{"line":22,"column":34},"end":{"line":58,"column":3}},"217":{"start":{"line":23,"column":13},"end":{"line":53,"column":5}},"218":{"start":{"line":25,"column":4},"end":{"line":52,"column":32}},"219":{"start":{"line":26,"column":6},"end":{"line":51,"column":7}},"220":{"start":{"line":27,"column":8},"end":{"line":50,"column":9}},"221":{"start":{"line":29,"column":12},"end":{"line":29,"column":30}},"222":{"start":{"line":30,"column":12},"end":{"line":30,"column":30}},"223":{"start":{"line":31,"column":12},"end":{"line":31,"column":52}},"224":{"start":{"line":34,"column":12},"end":{"line":34,"column":39}},"225":{"start":{"line":35,"column":12},"end":{"line":35,"column":45}},"226":{"start":{"line":36,"column":12},"end":{"line":36,"column":31}},"227":{"start":{"line":37,"column":12},"end":{"line":37,"column":18}},"228":{"start":{"line":40,"column":12},"end":{"line":40,"column":30}},"229":{"start":{"line":41,"column":12},"end":{"line":41,"column":47}},"230":{"start":{"line":43,"column":12},"end":{"line":43,"column":58}},"231":{"start":{"line":45,"column":12},"end":{"line":45,"column":88}},"232":{"start":{"line":49,"column":12},"end":{"line":49,"column":35}},"233":{"start":{"line":55,"column":2},"end":{"line":57,"column":4}},"234":{"start":{"line":56,"column":4},"end":{"line":56,"column":39}},"235":{"start":{"line":60,"column":0},"end":{"line":60,"column":40}},"236":{"start":{"line":62,"column":31},"end":{"line":100,"column":3}},"237":{"start":{"line":63,"column":14},"end":{"line":95,"column":5}},"238":{"start":{"line":65,"column":4},"end":{"line":94,"column":33}},"239":{"start":{"line":66,"column":6},"end":{"line":93,"column":7}},"240":{"start":{"line":67,"column":8},"end":{"line":92,"column":9}},"241":{"start":{"line":69,"column":12},"end":{"line":69,"column":31}},"242":{"start":{"line":70,"column":12},"end":{"line":72,"column":14}},"243":{"start":{"line":73,"column":12},"end":{"line":73,"column":31}},"244":{"start":{"line":74,"column":12},"end":{"line":74,"column":60}},"245":{"start":{"line":77,"column":12},"end":{"line":77,"column":55}},"246":{"start":{"line":78,"column":12},"end":{"line":78,"column":32}},"247":{"start":{"line":79,"column":12},"end":{"line":79,"column":18}},"248":{"start":{"line":82,"column":12},"end":{"line":82,"column":31}},"249":{"start":{"line":83,"column":12},"end":{"line":83,"column":49}},"250":{"start":{"line":85,"column":12},"end":{"line":85,"column":59}},"251":{"start":{"line":87,"column":12},"end":{"line":87,"column":82}},"252":{"start":{"line":91,"column":12},"end":{"line":91,"column":36}},"253":{"start":{"line":97,"column":2},"end":{"line":99,"column":4}},"254":{"start":{"line":98,"column":4},"end":{"line":98,"column":40}},"255":{"start":{"line":102,"column":0},"end":{"line":102,"column":34}},"256":{"start":{"line":104,"column":34},"end":{"line":134,"column":3}},"257":{"start":{"line":105,"column":14},"end":{"line":129,"column":5}},"258":{"start":{"line":106,"column":4},"end":{"line":128,"column":33}},"259":{"start":{"line":107,"column":6},"end":{"line":127,"column":7}},"260":{"start":{"line":108,"column":8},"end":{"line":126,"column":9}},"261":{"start":{"line":110,"column":12},"end":{"line":110,"column":31}},"262":{"start":{"line":111,"column":12},"end":{"line":111,"column":52}},"263":{"start":{"line":112,"column":12},"end":{"line":112,"column":31}},"264":{"start":{"line":113,"column":12},"end":{"line":113,"column":18}},"265":{"start":{"line":116,"column":12},"end":{"line":116,"column":31}},"266":{"start":{"line":117,"column":12},"end":{"line":117,"column":49}},"267":{"start":{"line":119,"column":12},"end":{"line":119,"column":59}},"268":{"start":{"line":121,"column":12},"end":{"line":121,"column":90}},"269":{"start":{"line":125,"column":12},"end":{"line":125,"column":36}},"270":{"start":{"line":131,"column":2},"end":{"line":133,"column":4}},"271":{"start":{"line":132,"column":4},"end":{"line":132,"column":40}},"272":{"start":{"line":136,"column":0},"end":{"line":136,"column":40}}},"fnMap":{"0":{"name":"_typeof","decl":{"start":{"line":3,"column":9},"end":{"line":3,"column":16}},"loc":{"start":{"line":3,"column":22},"end":{"line":3,"column":336}},"line":3},"1":{"name":"(anonymous_1)","decl":{"start":{"line":3,"column":136},"end":{"line":3,"column":137}},"loc":{"start":{"line":3,"column":151},"end":{"line":3,"column":173}},"line":3},"2":{"name":"(anonymous_2)","decl":{"start":{"line":3,"column":176},"end":{"line":3,"column":177}},"loc":{"start":{"line":3,"column":191},"end":{"line":3,"column":319}},"line":3},"3":{"name":"_interopRequireDefault","decl":{"start":{"line":14,"column":9},"end":{"line":14,"column":31}},"loc":{"start":{"line":14,"column":37},"end":{"line":14,"column":97}},"line":14},"4":{"name":"_regeneratorRuntime","decl":{"start":{"line":16,"column":9},"end":{"line":16,"column":28}},"loc":{"start":{"line":16,"column":31},"end":{"line":16,"column":11797}},"line":16},"5":{"name":"_regeneratorRuntime","decl":{"start":{"line":16,"column":227},"end":{"line":16,"column":246}},"loc":{"start":{"line":16,"column":249},"end":{"line":16,"column":268}},"line":16},"6":{"name":"define","decl":{"start":{"line":16,"column":578},"end":{"line":16,"column":584}},"loc":{"start":{"line":16,"column":602},"end":{"line":16,"column":721}},"line":16},"7":{"name":"define","decl":{"start":{"line":16,"column":778},"end":{"line":16,"column":784}},"loc":{"start":{"line":16,"column":802},"end":{"line":16,"column":830}},"line":16},"8":{"name":"wrap","decl":{"start":{"line":16,"column":843},"end":{"line":16,"column":847}},"loc":{"start":{"line":16,"column":885},"end":{"line":16,"column":2329}},"line":16},"9":{"name":"(anonymous_9)","decl":{"start":{"line":16,"column":1103},"end":{"line":16,"column":1104}},"loc":{"start":{"line":16,"column":1137},"end":{"line":16,"column":2291}},"line":16},"10":{"name":"(anonymous_10)","decl":{"start":{"line":16,"column":1176},"end":{"line":16,"column":1177}},"loc":{"start":{"line":16,"column":1199},"end":{"line":16,"column":2288}},"line":16},"11":{"name":"tryCatch","decl":{"start":{"line":16,"column":2339},"end":{"line":16,"column":2347}},"loc":{"start":{"line":16,"column":2362},"end":{"line":16,"column":2476}},"line":16},"12":{"name":"Generator","decl":{"start":{"line":16,"column":2534},"end":{"line":16,"column":2543}},"loc":{"start":{"line":16,"column":2546},"end":{"line":16,"column":2548}},"line":16},"13":{"name":"GeneratorFunction","decl":{"start":{"line":16,"column":2558},"end":{"line":16,"column":2575}},"loc":{"start":{"line":16,"column":2578},"end":{"line":16,"column":2580}},"line":16},"14":{"name":"GeneratorFunctionPrototype","decl":{"start":{"line":16,"column":2590},"end":{"line":16,"column":2616}},"loc":{"start":{"line":16,"column":2619},"end":{"line":16,"column":2621}},"line":16},"15":{"name":"(anonymous_15)","decl":{"start":{"line":16,"column":2692},"end":{"line":16,"column":2693}},"loc":{"start":{"line":16,"column":2704},"end":{"line":16,"column":2720}},"line":16},"16":{"name":"defineIteratorMethods","decl":{"start":{"line":16,"column":3108},"end":{"line":16,"column":3129}},"loc":{"start":{"line":16,"column":3141},"end":{"line":16,"column":3285}},"line":16},"17":{"name":"(anonymous_17)","decl":{"start":{"line":16,"column":3179},"end":{"line":16,"column":3180}},"loc":{"start":{"line":16,"column":3197},"end":{"line":16,"column":3281}},"line":16},"18":{"name":"(anonymous_18)","decl":{"start":{"line":16,"column":3225},"end":{"line":16,"column":3226}},"loc":{"start":{"line":16,"column":3240},"end":{"line":16,"column":3277}},"line":16},"19":{"name":"AsyncIterator","decl":{"start":{"line":16,"column":3295},"end":{"line":16,"column":3308}},"loc":{"start":{"line":16,"column":3333},"end":{"line":16,"column":4309}},"line":16},"20":{"name":"invoke","decl":{"start":{"line":16,"column":3344},"end":{"line":16,"column":3350}},"loc":{"start":{"line":16,"column":3381},"end":{"line":16,"column":3955}},"line":16},"21":{"name":"(anonymous_21)","decl":{"start":{"line":16,"column":3637},"end":{"line":16,"column":3638}},"loc":{"start":{"line":16,"column":3654},"end":{"line":16,"column":3697}},"line":16},"22":{"name":"(anonymous_22)","decl":{"start":{"line":16,"column":3699},"end":{"line":16,"column":3700}},"loc":{"start":{"line":16,"column":3714},"end":{"line":16,"column":3756}},"line":16},"23":{"name":"(anonymous_23)","decl":{"start":{"line":16,"column":3792},"end":{"line":16,"column":3793}},"loc":{"start":{"line":16,"column":3813},"end":{"line":16,"column":3859}},"line":16},"24":{"name":"(anonymous_24)","decl":{"start":{"line":16,"column":3861},"end":{"line":16,"column":3862}},"loc":{"start":{"line":16,"column":3878},"end":{"line":16,"column":3929}},"line":16},"25":{"name":"(anonymous_25)","decl":{"start":{"line":16,"column":3992},"end":{"line":16,"column":3993}},"loc":{"start":{"line":16,"column":4015},"end":{"line":16,"column":4306}},"line":16},"26":{"name":"callInvokeWithMethodAndArg","decl":{"start":{"line":16,"column":4026},"end":{"line":16,"column":4052}},"loc":{"start":{"line":16,"column":4055},"end":{"line":16,"column":4152}},"line":16},"27":{"name":"(anonymous_27)","decl":{"start":{"line":16,"column":4080},"end":{"line":16,"column":4081}},"loc":{"start":{"line":16,"column":4107},"end":{"line":16,"column":4148}},"line":16},"28":{"name":"maybeInvokeDelegate","decl":{"start":{"line":16,"column":4319},"end":{"line":16,"column":4338}},"loc":{"start":{"line":16,"column":4358},"end":{"line":16,"column":5403}},"line":16},"29":{"name":"pushTryEntry","decl":{"start":{"line":16,"column":5413},"end":{"line":16,"column":5425}},"loc":{"start":{"line":16,"column":5432},"end":{"line":16,"column":5607}},"line":16},"30":{"name":"resetTryEntry","decl":{"start":{"line":16,"column":5617},"end":{"line":16,"column":5630}},"loc":{"start":{"line":16,"column":5638},"end":{"line":16,"column":5748}},"line":16},"31":{"name":"Context","decl":{"start":{"line":16,"column":5758},"end":{"line":16,"column":5765}},"loc":{"start":{"line":16,"column":5779},"end":{"line":16,"column":5879}},"line":16},"32":{"name":"values","decl":{"start":{"line":16,"column":5889},"end":{"line":16,"column":5895}},"loc":{"start":{"line":16,"column":5906},"end":{"line":16,"column":6389}},"line":16},"33":{"name":"next","decl":{"start":{"line":16,"column":6145},"end":{"line":16,"column":6149}},"loc":{"start":{"line":16,"column":6152},"end":{"line":16,"column":6328}},"line":16},"34":{"name":"doneResult","decl":{"start":{"line":16,"column":6399},"end":{"line":16,"column":6409}},"loc":{"start":{"line":16,"column":6412},"end":{"line":16,"column":6454}},"line":16},"35":{"name":"(anonymous_35)","decl":{"start":{"line":16,"column":6783},"end":{"line":16,"column":6784}},"loc":{"start":{"line":16,"column":6801},"end":{"line":16,"column":6972}},"line":16},"36":{"name":"(anonymous_36)","decl":{"start":{"line":16,"column":6989},"end":{"line":16,"column":6990}},"loc":{"start":{"line":16,"column":7007},"end":{"line":16,"column":7252}},"line":16},"37":{"name":"(anonymous_37)","decl":{"start":{"line":16,"column":7270},"end":{"line":16,"column":7271}},"loc":{"start":{"line":16,"column":7285},"end":{"line":16,"column":7313}},"line":16},"38":{"name":"(anonymous_38)","decl":{"start":{"line":16,"column":7416},"end":{"line":16,"column":7417}},"loc":{"start":{"line":16,"column":7428},"end":{"line":16,"column":7444}},"line":16},"39":{"name":"(anonymous_39)","decl":{"start":{"line":16,"column":7502},"end":{"line":16,"column":7503}},"loc":{"start":{"line":16,"column":7562},"end":{"line":16,"column":7845}},"line":16},"40":{"name":"(anonymous_40)","decl":{"start":{"line":16,"column":7771},"end":{"line":16,"column":7772}},"loc":{"start":{"line":16,"column":7789},"end":{"line":16,"column":7841}},"line":16},"41":{"name":"(anonymous_41)","decl":{"start":{"line":16,"column":7945},"end":{"line":16,"column":7946}},"loc":{"start":{"line":16,"column":7957},"end":{"line":16,"column":7973}},"line":16},"42":{"name":"(anonymous_42)","decl":{"start":{"line":16,"column":7999},"end":{"line":16,"column":8000}},"loc":{"start":{"line":16,"column":8011},"end":{"line":16,"column":8043}},"line":16},"43":{"name":"(anonymous_43)","decl":{"start":{"line":16,"column":8061},"end":{"line":16,"column":8062}},"loc":{"start":{"line":16,"column":8079},"end":{"line":16,"column":8327}},"line":16},"44":{"name":"next","decl":{"start":{"line":16,"column":8172},"end":{"line":16,"column":8176}},"loc":{"start":{"line":16,"column":8179},"end":{"line":16,"column":8324}},"line":16},"45":{"name":"reset","decl":{"start":{"line":16,"column":8414},"end":{"line":16,"column":8419}},"loc":{"start":{"line":16,"column":8435},"end":{"line":16,"column":8778}},"line":16},"46":{"name":"stop","decl":{"start":{"line":16,"column":8795},"end":{"line":16,"column":8799}},"loc":{"start":{"line":16,"column":8802},"end":{"line":16,"column":8942}},"line":16},"47":{"name":"dispatchException","decl":{"start":{"line":16,"column":8972},"end":{"line":16,"column":8989}},"loc":{"start":{"line":16,"column":9001},"end":{"line":16,"column":9940}},"line":16},"48":{"name":"handle","decl":{"start":{"line":16,"column":9064},"end":{"line":16,"column":9070}},"loc":{"start":{"line":16,"column":9084},"end":{"line":16,"column":9233}},"line":16},"49":{"name":"abrupt","decl":{"start":{"line":16,"column":9959},"end":{"line":16,"column":9965}},"loc":{"start":{"line":16,"column":9977},"end":{"line":16,"column":10575}},"line":16},"50":{"name":"complete","decl":{"start":{"line":16,"column":10596},"end":{"line":16,"column":10604}},"loc":{"start":{"line":16,"column":10623},"end":{"line":16,"column":10951}},"line":16},"51":{"name":"finish","decl":{"start":{"line":16,"column":10970},"end":{"line":16,"column":10976}},"loc":{"start":{"line":16,"column":10989},"end":{"line":16,"column":11215}},"line":16},"52":{"name":"_catch","decl":{"start":{"line":16,"column":11235},"end":{"line":16,"column":11241}},"loc":{"start":{"line":16,"column":11250},"end":{"line":16,"column":11544}},"line":16},"53":{"name":"delegateYield","decl":{"start":{"line":16,"column":11570},"end":{"line":16,"column":11583}},"loc":{"start":{"line":16,"column":11615},"end":{"line":16,"column":11783}},"line":16},"54":{"name":"asyncGeneratorStep","decl":{"start":{"line":18,"column":9},"end":{"line":18,"column":27}},"loc":{"start":{"line":18,"column":75},"end":{"line":18,"column":265}},"line":18},"55":{"name":"_asyncToGenerator","decl":{"start":{"line":20,"column":9},"end":{"line":20,"column":26}},"loc":{"start":{"line":20,"column":31},"end":{"line":20,"column":389}},"line":20},"56":{"name":"(anonymous_56)","decl":{"start":{"line":20,"column":40},"end":{"line":20,"column":41}},"loc":{"start":{"line":20,"column":52},"end":{"line":20,"column":386}},"line":20},"57":{"name":"(anonymous_57)","decl":{"start":{"line":20,"column":108},"end":{"line":20,"column":109}},"loc":{"start":{"line":20,"column":135},"end":{"line":20,"column":382}},"line":20},"58":{"name":"_next","decl":{"start":{"line":20,"column":178},"end":{"line":20,"column":183}},"loc":{"start":{"line":20,"column":191},"end":{"line":20,"column":266}},"line":20},"59":{"name":"_throw","decl":{"start":{"line":20,"column":276},"end":{"line":20,"column":282}},"loc":{"start":{"line":20,"column":288},"end":{"line":20,"column":362}},"line":20},"60":{"name":"(anonymous_60)","decl":{"start":{"line":22,"column":34},"end":{"line":22,"column":35}},"loc":{"start":{"line":22,"column":46},"end":{"line":58,"column":1}},"line":22},"61":{"name":"_callee","decl":{"start":{"line":23,"column":81},"end":{"line":23,"column":88}},"loc":{"start":{"line":23,"column":99},"end":{"line":53,"column":3}},"line":23},"62":{"name":"_callee$","decl":{"start":{"line":25,"column":47},"end":{"line":25,"column":55}},"loc":{"start":{"line":25,"column":66},"end":{"line":52,"column":5}},"line":25},"63":{"name":"listCategories","decl":{"start":{"line":55,"column":18},"end":{"line":55,"column":32}},"loc":{"start":{"line":55,"column":42},"end":{"line":57,"column":3}},"line":55},"64":{"name":"(anonymous_64)","decl":{"start":{"line":62,"column":31},"end":{"line":62,"column":32}},"loc":{"start":{"line":62,"column":43},"end":{"line":100,"column":1}},"line":62},"65":{"name":"_callee2","decl":{"start":{"line":63,"column":82},"end":{"line":63,"column":90}},"loc":{"start":{"line":63,"column":101},"end":{"line":95,"column":3}},"line":63},"66":{"name":"_callee2$","decl":{"start":{"line":65,"column":47},"end":{"line":65,"column":56}},"loc":{"start":{"line":65,"column":68},"end":{"line":94,"column":5}},"line":65},"67":{"name":"addCategory","decl":{"start":{"line":97,"column":18},"end":{"line":97,"column":29}},"loc":{"start":{"line":97,"column":40},"end":{"line":99,"column":3}},"line":97},"68":{"name":"(anonymous_68)","decl":{"start":{"line":104,"column":34},"end":{"line":104,"column":35}},"loc":{"start":{"line":104,"column":46},"end":{"line":134,"column":1}},"line":104},"69":{"name":"_callee3","decl":{"start":{"line":105,"column":82},"end":{"line":105,"column":90}},"loc":{"start":{"line":105,"column":101},"end":{"line":129,"column":3}},"line":105},"70":{"name":"_callee3$","decl":{"start":{"line":106,"column":47},"end":{"line":106,"column":56}},"loc":{"start":{"line":106,"column":68},"end":{"line":128,"column":5}},"line":106},"71":{"name":"deleteCategory","decl":{"start":{"line":131,"column":18},"end":{"line":131,"column":32}},"loc":{"start":{"line":131,"column":43},"end":{"line":133,"column":3}},"line":131}},"branchMap":{"0":{"loc":{"start":{"line":3,"column":68},"end":{"line":3,"column":319}},"type":"cond-expr","locations":[{"start":{"line":3,"column":136},"end":{"line":3,"column":173}},{"start":{"line":3,"column":176},"end":{"line":3,"column":319}}],"line":3},"1":{"loc":{"start":{"line":3,"column":68},"end":{"line":3,"column":133}},"type":"binary-expr","locations":[{"start":{"line":3,"column":68},"end":{"line":3,"column":95}},{"start":{"line":3,"column":99},"end":{"line":3,"column":133}}],"line":3},"2":{"loc":{"start":{"line":3,"column":200},"end":{"line":3,"column":316}},"type":"cond-expr","locations":[{"start":{"line":3,"column":295},"end":{"line":3,"column":303}},{"start":{"line":3,"column":306},"end":{"line":3,"column":316}}],"line":3},"3":{"loc":{"start":{"line":3,"column":200},"end":{"line":3,"column":292}},"type":"binary-expr","locations":[{"start":{"line":3,"column":200},"end":{"line":3,"column":203}},{"start":{"line":3,"column":207},"end":{"line":3,"column":234}},{"start":{"line":3,"column":238},"end":{"line":3,"column":264}},{"start":{"line":3,"column":268},"end":{"line":3,"column":292}}],"line":3},"4":{"loc":{"start":{"line":14,"column":46},"end":{"line":14,"column":94}},"type":"cond-expr","locations":[{"start":{"line":14,"column":70},"end":{"line":14,"column":73}},{"start":{"line":14,"column":76},"end":{"line":14,"column":94}}],"line":14},"5":{"loc":{"start":{"line":14,"column":46},"end":{"line":14,"column":67}},"type":"binary-expr","locations":[{"start":{"line":14,"column":46},"end":{"line":14,"column":49}},{"start":{"line":14,"column":53},"end":{"line":14,"column":67}}],"line":14},"6":{"loc":{"start":{"line":16,"column":349},"end":{"line":16,"column":390}},"type":"cond-expr","locations":[{"start":{"line":16,"column":379},"end":{"line":16,"column":385}},{"start":{"line":16,"column":388},"end":{"line":16,"column":390}}],"line":16},"7":{"loc":{"start":{"line":16,"column":409},"end":{"line":16,"column":441}},"type":"binary-expr","locations":[{"start":{"line":16,"column":409},"end":{"line":16,"column":425}},{"start":{"line":16,"column":429},"end":{"line":16,"column":441}}],"line":16},"8":{"loc":{"start":{"line":16,"column":465},"end":{"line":16,"column":507}},"type":"binary-expr","locations":[{"start":{"line":16,"column":465},"end":{"line":16,"column":486}},{"start":{"line":16,"column":490},"end":{"line":16,"column":507}}],"line":16},"9":{"loc":{"start":{"line":16,"column":529},"end":{"line":16,"column":567}},"type":"binary-expr","locations":[{"start":{"line":16,"column":529},"end":{"line":16,"column":548}},{"start":{"line":16,"column":552},"end":{"line":16,"column":567}}],"line":16},"10":{"loc":{"start":{"line":16,"column":908},"end":{"line":16,"column":979}},"type":"cond-expr","locations":[{"start":{"line":16,"column":960},"end":{"line":16,"column":967}},{"start":{"line":16,"column":970},"end":{"line":16,"column":979}}],"line":16},"11":{"loc":{"start":{"line":16,"column":908},"end":{"line":16,"column":957}},"type":"binary-expr","locations":[{"start":{"line":16,"column":908},"end":{"line":16,"column":915}},{"start":{"line":16,"column":919},"end":{"line":16,"column":957}}],"line":16},"12":{"loc":{"start":{"line":16,"column":1056},"end":{"line":16,"column":1073}},"type":"binary-expr","locations":[{"start":{"line":16,"column":1056},"end":{"line":16,"column":1067}},{"start":{"line":16,"column":1071},"end":{"line":16,"column":1073}}],"line":16},"13":{"loc":{"start":{"line":16,"column":1201},"end":{"line":16,"column":1276}},"type":"if","locations":[{"start":{"line":16,"column":1201},"end":{"line":16,"column":1276}},{"start":{"line":16,"column":1201},"end":{"line":16,"column":1276}}],"line":16},"14":{"loc":{"start":{"line":16,"column":1277},"end":{"line":16,"column":1363}},"type":"if","locations":[{"start":{"line":16,"column":1277},"end":{"line":16,"column":1363}},{"start":{"line":16,"column":1277},"end":{"line":16,"column":1363}}],"line":16},"15":{"loc":{"start":{"line":16,"column":1306},"end":{"line":16,"column":1340}},"type":"if","locations":[{"start":{"line":16,"column":1306},"end":{"line":16,"column":1340}},{"start":{"line":16,"column":1306},"end":{"line":16,"column":1340}}],"line":16},"16":{"loc":{"start":{"line":16,"column":1450},"end":{"line":16,"column":1626}},"type":"if","locations":[{"start":{"line":16,"column":1450},"end":{"line":16,"column":1626}},{"start":{"line":16,"column":1450},"end":{"line":16,"column":1626}}],"line":16},"17":{"loc":{"start":{"line":16,"column":1527},"end":{"line":16,"column":1624}},"type":"if","locations":[{"start":{"line":16,"column":1527},"end":{"line":16,"column":1624}},{"start":{"line":16,"column":1527},"end":{"line":16,"column":1624}}],"line":16},"18":{"loc":{"start":{"line":16,"column":1549},"end":{"line":16,"column":1599}},"type":"if","locations":[{"start":{"line":16,"column":1549},"end":{"line":16,"column":1599}},{"start":{"line":16,"column":1549},"end":{"line":16,"column":1599}}],"line":16},"19":{"loc":{"start":{"line":16,"column":1627},"end":{"line":16,"column":1928}},"type":"if","locations":[{"start":{"line":16,"column":1627},"end":{"line":16,"column":1928}},{"start":{"line":16,"column":1627},"end":{"line":16,"column":1928}}],"line":16},"20":{"loc":{"start":{"line":16,"column":1706},"end":{"line":16,"column":1928}},"type":"if","locations":[{"start":{"line":16,"column":1706},"end":{"line":16,"column":1928}},{"start":{"line":16,"column":1706},"end":{"line":16,"column":1928}}],"line":16},"21":{"loc":{"start":{"line":16,"column":1740},"end":{"line":16,"column":1811}},"type":"if","locations":[{"start":{"line":16,"column":1740},"end":{"line":16,"column":1811}},{"start":{"line":16,"column":1740},"end":{"line":16,"column":1811}}],"line":16},"22":{"loc":{"start":{"line":16,"column":1859},"end":{"line":16,"column":1927}},"type":"binary-expr","locations":[{"start":{"line":16,"column":1859},"end":{"line":16,"column":1886}},{"start":{"line":16,"column":1890},"end":{"line":16,"column":1927}}],"line":16},"23":{"loc":{"start":{"line":16,"column":1997},"end":{"line":16,"column":2182}},"type":"if","locations":[{"start":{"line":16,"column":1997},"end":{"line":16,"column":2182}},{"start":{"line":16,"column":1997},"end":{"line":16,"column":2182}}],"line":16},"24":{"loc":{"start":{"line":16,"column":2029},"end":{"line":16,"column":2130}},"type":"if","locations":[{"start":{"line":16,"column":2029},"end":{"line":16,"column":2130}},{"start":{"line":16,"column":2029},"end":{"line":16,"column":2130}}],"line":16},"25":{"loc":{"start":{"line":16,"column":2041},"end":{"line":16,"column":2086}},"type":"cond-expr","locations":[{"start":{"line":16,"column":2056},"end":{"line":16,"column":2067}},{"start":{"line":16,"column":2070},"end":{"line":16,"column":2086}}],"line":16},"26":{"loc":{"start":{"line":16,"column":2183},"end":{"line":16,"column":2283}},"type":"binary-expr","locations":[{"start":{"line":16,"column":2183},"end":{"line":16,"column":2206}},{"start":{"line":16,"column":2211},"end":{"line":16,"column":2282}}],"line":16},"27":{"loc":{"start":{"line":16,"column":2787},"end":{"line":16,"column":2829}},"type":"binary-expr","locations":[{"start":{"line":16,"column":2787},"end":{"line":16,"column":2795}},{"start":{"line":16,"column":2799},"end":{"line":16,"column":2829}}],"line":16},"28":{"loc":{"start":{"line":16,"column":2831},"end":{"line":16,"column":2993}},"type":"binary-expr","locations":[{"start":{"line":16,"column":2831},"end":{"line":16,"column":2854}},{"start":{"line":16,"column":2858},"end":{"line":16,"column":2888}},{"start":{"line":16,"column":2892},"end":{"line":16,"column":2944}},{"start":{"line":16,"column":2949},"end":{"line":16,"column":2992}}],"line":16},"29":{"loc":{"start":{"line":16,"column":3441},"end":{"line":16,"column":3933}},"type":"if","locations":[{"start":{"line":16,"column":3441},"end":{"line":16,"column":3933}},{"start":{"line":16,"column":3441},"end":{"line":16,"column":3933}}],"line":16},"30":{"loc":{"start":{"line":16,"column":3526},"end":{"line":16,"column":3930}},"type":"cond-expr","locations":[{"start":{"line":16,"column":3597},"end":{"line":16,"column":3757}},{"start":{"line":16,"column":3760},"end":{"line":16,"column":3930}}],"line":16},"31":{"loc":{"start":{"line":16,"column":3526},"end":{"line":16,"column":3594}},"type":"binary-expr","locations":[{"start":{"line":16,"column":3526},"end":{"line":16,"column":3531}},{"start":{"line":16,"column":3535},"end":{"line":16,"column":3561}},{"start":{"line":16,"column":3565},"end":{"line":16,"column":3594}}],"line":16},"32":{"loc":{"start":{"line":16,"column":4178},"end":{"line":16,"column":4303}},"type":"cond-expr","locations":[{"start":{"line":16,"column":4196},"end":{"line":16,"column":4272}},{"start":{"line":16,"column":4275},"end":{"line":16,"column":4303}}],"line":16},"33":{"loc":{"start":{"line":16,"column":4408},"end":{"line":16,"column":4810}},"type":"if","locations":[{"start":{"line":16,"column":4408},"end":{"line":16,"column":4810}},{"start":{"line":16,"column":4408},"end":{"line":16,"column":4810}}],"line":16},"34":{"loc":{"start":{"line":16,"column":4436},"end":{"line":16,"column":4783}},"type":"if","locations":[{"start":{"line":16,"column":4436},"end":{"line":16,"column":4783}},{"start":{"line":16,"column":4436},"end":{"line":16,"column":4783}}],"line":16},"35":{"loc":{"start":{"line":16,"column":4495},"end":{"line":16,"column":4676}},"type":"if","locations":[{"start":{"line":16,"column":4495},"end":{"line":16,"column":4676}},{"start":{"line":16,"column":4495},"end":{"line":16,"column":4676}}],"line":16},"36":{"loc":{"start":{"line":16,"column":4499},"end":{"line":16,"column":4650}},"type":"binary-expr","locations":[{"start":{"line":16,"column":4499},"end":{"line":16,"column":4526}},{"start":{"line":16,"column":4531},"end":{"line":16,"column":4649}}],"line":16},"37":{"loc":{"start":{"line":16,"column":4874},"end":{"line":16,"column":5004}},"type":"if","locations":[{"start":{"line":16,"column":4874},"end":{"line":16,"column":5004}},{"start":{"line":16,"column":4874},"end":{"line":16,"column":5004}}],"line":16},"38":{"loc":{"start":{"line":16,"column":5035},"end":{"line":16,"column":5400}},"type":"cond-expr","locations":[{"start":{"line":16,"column":5042},"end":{"line":16,"column":5263}},{"start":{"line":16,"column":5267},"end":{"line":16,"column":5399}}],"line":16},"39":{"loc":{"start":{"line":16,"column":5042},"end":{"line":16,"column":5263}},"type":"cond-expr","locations":[{"start":{"line":16,"column":5055},"end":{"line":16,"column":5255}},{"start":{"line":16,"column":5259},"end":{"line":16,"column":5263}}],"line":16},"40":{"loc":{"start":{"line":16,"column":5131},"end":{"line":16,"column":5212}},"type":"binary-expr","locations":[{"start":{"line":16,"column":5131},"end":{"line":16,"column":5158}},{"start":{"line":16,"column":5163},"end":{"line":16,"column":5211}}],"line":16},"41":{"loc":{"start":{"line":16,"column":5467},"end":{"line":16,"column":5506}},"type":"binary-expr","locations":[{"start":{"line":16,"column":5467},"end":{"line":16,"column":5476}},{"start":{"line":16,"column":5481},"end":{"line":16,"column":5505}}],"line":16},"42":{"loc":{"start":{"line":16,"column":5508},"end":{"line":16,"column":5575}},"type":"binary-expr","locations":[{"start":{"line":16,"column":5508},"end":{"line":16,"column":5517}},{"start":{"line":16,"column":5522},"end":{"line":16,"column":5574}}],"line":16},"43":{"loc":{"start":{"line":16,"column":5653},"end":{"line":16,"column":5675}},"type":"binary-expr","locations":[{"start":{"line":16,"column":5653},"end":{"line":16,"column":5669}},{"start":{"line":16,"column":5673},"end":{"line":16,"column":5675}}],"line":16},"44":{"loc":{"start":{"line":16,"column":5908},"end":{"line":16,"column":6358}},"type":"if","locations":[{"start":{"line":16,"column":5908},"end":{"line":16,"column":6358}},{"start":{"line":16,"column":5908},"end":{"line":16,"column":6358}}],"line":16},"45":{"loc":{"start":{"line":16,"column":5971},"end":{"line":16,"column":6028}},"type":"if","locations":[{"start":{"line":16,"column":5971},"end":{"line":16,"column":6028}},{"start":{"line":16,"column":5971},"end":{"line":16,"column":6028}}],"line":16},"46":{"loc":{"start":{"line":16,"column":6029},"end":{"line":16,"column":6085}},"type":"if","locations":[{"start":{"line":16,"column":6029},"end":{"line":16,"column":6085}},{"start":{"line":16,"column":6029},"end":{"line":16,"column":6085}}],"line":16},"47":{"loc":{"start":{"line":16,"column":6086},"end":{"line":16,"column":6356}},"type":"if","locations":[{"start":{"line":16,"column":6086},"end":{"line":16,"column":6356}},{"start":{"line":16,"column":6086},"end":{"line":16,"column":6356}}],"line":16},"48":{"loc":{"start":{"line":16,"column":6187},"end":{"line":16,"column":6271}},"type":"if","locations":[{"start":{"line":16,"column":6187},"end":{"line":16,"column":6271}},{"start":{"line":16,"column":6187},"end":{"line":16,"column":6271}}],"line":16},"49":{"loc":{"start":{"line":16,"column":6814},"end":{"line":16,"column":6863}},"type":"binary-expr","locations":[{"start":{"line":16,"column":6814},"end":{"line":16,"column":6841}},{"start":{"line":16,"column":6845},"end":{"line":16,"column":6863}}],"line":16},"50":{"loc":{"start":{"line":16,"column":6872},"end":{"line":16,"column":6969}},"type":"binary-expr","locations":[{"start":{"line":16,"column":6872},"end":{"line":16,"column":6878}},{"start":{"line":16,"column":6883},"end":{"line":16,"column":6909}},{"start":{"line":16,"column":6913},"end":{"line":16,"column":6968}}],"line":16},"51":{"loc":{"start":{"line":16,"column":6938},"end":{"line":16,"column":6967}},"type":"binary-expr","locations":[{"start":{"line":16,"column":6938},"end":{"line":16,"column":6954}},{"start":{"line":16,"column":6958},"end":{"line":16,"column":6967}}],"line":16},"52":{"loc":{"start":{"line":16,"column":7016},"end":{"line":16,"column":7203}},"type":"cond-expr","locations":[{"start":{"line":16,"column":7040},"end":{"line":16,"column":7097}},{"start":{"line":16,"column":7101},"end":{"line":16,"column":7202}}],"line":16},"53":{"loc":{"start":{"line":16,"column":7564},"end":{"line":16,"column":7613}},"type":"binary-expr","locations":[{"start":{"line":16,"column":7564},"end":{"line":16,"column":7586}},{"start":{"line":16,"column":7591},"end":{"line":16,"column":7612}}],"line":16},"54":{"loc":{"start":{"line":16,"column":7708},"end":{"line":16,"column":7842}},"type":"cond-expr","locations":[{"start":{"line":16,"column":7747},"end":{"line":16,"column":7751}},{"start":{"line":16,"column":7754},"end":{"line":16,"column":7842}}],"line":16},"55":{"loc":{"start":{"line":16,"column":7798},"end":{"line":16,"column":7838}},"type":"cond-expr","locations":[{"start":{"line":16,"column":7812},"end":{"line":16,"column":7824}},{"start":{"line":16,"column":7827},"end":{"line":16,"column":7838}}],"line":16},"56":{"loc":{"start":{"line":16,"column":8226},"end":{"line":16,"column":8291}},"type":"if","locations":[{"start":{"line":16,"column":8226},"end":{"line":16,"column":8291}},{"start":{"line":16,"column":8226},"end":{"line":16,"column":8291}}],"line":16},"57":{"loc":{"start":{"line":16,"column":8437},"end":{"line":16,"column":8776}},"type":"if","locations":[{"start":{"line":16,"column":8437},"end":{"line":16,"column":8776}},{"start":{"line":16,"column":8437},"end":{"line":16,"column":8776}}],"line":16},"58":{"loc":{"start":{"line":16,"column":8670},"end":{"line":16,"column":8773}},"type":"binary-expr","locations":[{"start":{"line":16,"column":8670},"end":{"line":16,"column":8692}},{"start":{"line":16,"column":8696},"end":{"line":16,"column":8719}},{"start":{"line":16,"column":8723},"end":{"line":16,"column":8745}},{"start":{"line":16,"column":8750},"end":{"line":16,"column":8772}}],"line":16},"59":{"loc":{"start":{"line":16,"column":8868},"end":{"line":16,"column":8922}},"type":"if","locations":[{"start":{"line":16,"column":8868},"end":{"line":16,"column":8922}},{"start":{"line":16,"column":8868},"end":{"line":16,"column":8922}}],"line":16},"60":{"loc":{"start":{"line":16,"column":9003},"end":{"line":16,"column":9034}},"type":"if","locations":[{"start":{"line":16,"column":9003},"end":{"line":16,"column":9034}},{"start":{"line":16,"column":9003},"end":{"line":16,"column":9034}}],"line":16},"61":{"loc":{"start":{"line":16,"column":9160},"end":{"line":16,"column":9220}},"type":"binary-expr","locations":[{"start":{"line":16,"column":9160},"end":{"line":16,"column":9166}},{"start":{"line":16,"column":9171},"end":{"line":16,"column":9219}}],"line":16},"62":{"loc":{"start":{"line":16,"column":9349},"end":{"line":16,"column":9399}},"type":"if","locations":[{"start":{"line":16,"column":9349},"end":{"line":16,"column":9399}},{"start":{"line":16,"column":9349},"end":{"line":16,"column":9399}}],"line":16},"63":{"loc":{"start":{"line":16,"column":9400},"end":{"line":16,"column":9936}},"type":"if","locations":[{"start":{"line":16,"column":9400},"end":{"line":16,"column":9936}},{"start":{"line":16,"column":9400},"end":{"line":16,"column":9936}}],"line":16},"64":{"loc":{"start":{"line":16,"column":9527},"end":{"line":16,"column":9934}},"type":"if","locations":[{"start":{"line":16,"column":9527},"end":{"line":16,"column":9934}},{"start":{"line":16,"column":9527},"end":{"line":16,"column":9934}}],"line":16},"65":{"loc":{"start":{"line":16,"column":9531},"end":{"line":16,"column":9553}},"type":"binary-expr","locations":[{"start":{"line":16,"column":9531},"end":{"line":16,"column":9539}},{"start":{"line":16,"column":9543},"end":{"line":16,"column":9553}}],"line":16},"66":{"loc":{"start":{"line":16,"column":9557},"end":{"line":16,"column":9623}},"type":"if","locations":[{"start":{"line":16,"column":9557},"end":{"line":16,"column":9623}},{"start":{"line":16,"column":9557},"end":{"line":16,"column":9623}}],"line":16},"67":{"loc":{"start":{"line":16,"column":9624},"end":{"line":16,"column":9690}},"type":"if","locations":[{"start":{"line":16,"column":9624},"end":{"line":16,"column":9690}},{"start":{"line":16,"column":9624},"end":{"line":16,"column":9690}}],"line":16},"68":{"loc":{"start":{"line":16,"column":9698},"end":{"line":16,"column":9934}},"type":"if","locations":[{"start":{"line":16,"column":9698},"end":{"line":16,"column":9934}},{"start":{"line":16,"column":9698},"end":{"line":16,"column":9934}}],"line":16},"69":{"loc":{"start":{"line":16,"column":9714},"end":{"line":16,"column":9780}},"type":"if","locations":[{"start":{"line":16,"column":9714},"end":{"line":16,"column":9780}},{"start":{"line":16,"column":9714},"end":{"line":16,"column":9780}}],"line":16},"70":{"loc":{"start":{"line":16,"column":9790},"end":{"line":16,"column":9865}},"type":"if","locations":[{"start":{"line":16,"column":9790},"end":{"line":16,"column":9865}},{"start":{"line":16,"column":9790},"end":{"line":16,"column":9865}}],"line":16},"71":{"loc":{"start":{"line":16,"column":9866},"end":{"line":16,"column":9932}},"type":"if","locations":[{"start":{"line":16,"column":9866},"end":{"line":16,"column":9932}},{"start":{"line":16,"column":9866},"end":{"line":16,"column":9932}}],"line":16},"72":{"loc":{"start":{"line":16,"column":10067},"end":{"line":16,"column":10202}},"type":"if","locations":[{"start":{"line":16,"column":10067},"end":{"line":16,"column":10202}},{"start":{"line":16,"column":10067},"end":{"line":16,"column":10202}}],"line":16},"73":{"loc":{"start":{"line":16,"column":10071},"end":{"line":16,"column":10164}},"type":"binary-expr","locations":[{"start":{"line":16,"column":10071},"end":{"line":16,"column":10096}},{"start":{"line":16,"column":10100},"end":{"line":16,"column":10132}},{"start":{"line":16,"column":10136},"end":{"line":16,"column":10164}}],"line":16},"74":{"loc":{"start":{"line":16,"column":10205},"end":{"line":16,"column":10351}},"type":"binary-expr","locations":[{"start":{"line":16,"column":10205},"end":{"line":16,"column":10217}},{"start":{"line":16,"column":10222},"end":{"line":16,"column":10238}},{"start":{"line":16,"column":10242},"end":{"line":16,"column":10261}},{"start":{"line":16,"column":10266},"end":{"line":16,"column":10292}},{"start":{"line":16,"column":10296},"end":{"line":16,"column":10326}},{"start":{"line":16,"column":10331},"end":{"line":16,"column":10350}}],"line":16},"75":{"loc":{"start":{"line":16,"column":10366},"end":{"line":16,"column":10409}},"type":"cond-expr","locations":[{"start":{"line":16,"column":10381},"end":{"line":16,"column":10404}},{"start":{"line":16,"column":10407},"end":{"line":16,"column":10409}}],"line":16},"76":{"loc":{"start":{"line":16,"column":10456},"end":{"line":16,"column":10572}},"type":"cond-expr","locations":[{"start":{"line":16,"column":10472},"end":{"line":16,"column":10547}},{"start":{"line":16,"column":10551},"end":{"line":16,"column":10572}}],"line":16},"77":{"loc":{"start":{"line":16,"column":10625},"end":{"line":16,"column":10671}},"type":"if","locations":[{"start":{"line":16,"column":10625},"end":{"line":16,"column":10671}},{"start":{"line":16,"column":10625},"end":{"line":16,"column":10671}}],"line":16},"78":{"loc":{"start":{"line":16,"column":10679},"end":{"line":16,"column":10930}},"type":"cond-expr","locations":[{"start":{"line":16,"column":10735},"end":{"line":16,"column":10757}},{"start":{"line":16,"column":10760},"end":{"line":16,"column":10930}}],"line":16},"79":{"loc":{"start":{"line":16,"column":10679},"end":{"line":16,"column":10732}},"type":"binary-expr","locations":[{"start":{"line":16,"column":10679},"end":{"line":16,"column":10702}},{"start":{"line":16,"column":10706},"end":{"line":16,"column":10732}}],"line":16},"80":{"loc":{"start":{"line":16,"column":10760},"end":{"line":16,"column":10930}},"type":"cond-expr","locations":[{"start":{"line":16,"column":10788},"end":{"line":16,"column":10864}},{"start":{"line":16,"column":10868},"end":{"line":16,"column":10930}}],"line":16},"81":{"loc":{"start":{"line":16,"column":10868},"end":{"line":16,"column":10930}},"type":"binary-expr","locations":[{"start":{"line":16,"column":10868},"end":{"line":16,"column":10892}},{"start":{"line":16,"column":10896},"end":{"line":16,"column":10904}},{"start":{"line":16,"column":10909},"end":{"line":16,"column":10929}}],"line":16},"82":{"loc":{"start":{"line":16,"column":11079},"end":{"line":16,"column":11211}},"type":"if","locations":[{"start":{"line":16,"column":11079},"end":{"line":16,"column":11211}},{"start":{"line":16,"column":11079},"end":{"line":16,"column":11211}}],"line":16},"83":{"loc":{"start":{"line":16,"column":11340},"end":{"line":16,"column":11498}},"type":"if","locations":[{"start":{"line":16,"column":11340},"end":{"line":16,"column":11498}},{"start":{"line":16,"column":11340},"end":{"line":16,"column":11498}}],"line":16},"84":{"loc":{"start":{"line":16,"column":11402},"end":{"line":16,"column":11481}},"type":"if","locations":[{"start":{"line":16,"column":11402},"end":{"line":16,"column":11481}},{"start":{"line":16,"column":11402},"end":{"line":16,"column":11481}}],"line":16},"85":{"loc":{"start":{"line":16,"column":11714},"end":{"line":16,"column":11762}},"type":"binary-expr","locations":[{"start":{"line":16,"column":11714},"end":{"line":16,"column":11736}},{"start":{"line":16,"column":11741},"end":{"line":16,"column":11761}}],"line":16},"86":{"loc":{"start":{"line":18,"column":176},"end":{"line":18,"column":263}},"type":"if","locations":[{"start":{"line":18,"column":176},"end":{"line":18,"column":263}},{"start":{"line":18,"column":176},"end":{"line":18,"column":263}}],"line":18},"87":{"loc":{"start":{"line":27,"column":8},"end":{"line":50,"column":9}},"type":"switch","locations":[{"start":{"line":28,"column":10},"end":{"line":31,"column":52}},{"start":{"line":33,"column":10},"end":{"line":37,"column":18}},{"start":{"line":39,"column":10},"end":{"line":45,"column":88}},{"start":{"line":47,"column":10},"end":{"line":47,"column":18}},{"start":{"line":48,"column":10},"end":{"line":49,"column":35}}],"line":27},"88":{"loc":{"start":{"line":67,"column":8},"end":{"line":92,"column":9}},"type":"switch","locations":[{"start":{"line":68,"column":10},"end":{"line":74,"column":60}},{"start":{"line":76,"column":10},"end":{"line":79,"column":18}},{"start":{"line":81,"column":10},"end":{"line":87,"column":82}},{"start":{"line":89,"column":10},"end":{"line":89,"column":18}},{"start":{"line":90,"column":10},"end":{"line":91,"column":36}}],"line":67},"89":{"loc":{"start":{"line":108,"column":8},"end":{"line":126,"column":9}},"type":"switch","locations":[{"start":{"line":109,"column":10},"end":{"line":113,"column":18}},{"start":{"line":115,"column":10},"end":{"line":121,"column":90}},{"start":{"line":123,"column":10},"end":{"line":123,"column":17}},{"start":{"line":124,"column":10},"end":{"line":125,"column":36}}],"line":108}},"s":{"0":0,"1":0,"2":0,"3":1,"4":1,"5":1,"6":1,"7":2,"8":1,"9":6,"10":1,"11":1,"12":1,"13":1,"14":1,"15":1,"16":1,"17":15,"18":1,"19":1,"20":0,"21":0,"22":4,"23":4,"24":4,"25":4,"26":4,"27":4,"28":7,"29":0,"30":7,"31":0,"32":0,"33":0,"34":7,"35":8,"36":8,"37":0,"38":0,"39":0,"40":0,"41":0,"42":8,"43":6,"44":2,"45":1,"46":0,"47":1,"48":1,"49":8,"50":8,"51":8,"52":8,"53":1,"54":7,"55":0,"56":8,"57":8,"58":0,"59":1,"60":1,"61":1,"62":1,"63":0,"64":1,"65":1,"66":1,"67":1,"68":2,"69":6,"70":7,"71":0,"72":0,"73":0,"74":0,"75":0,"76":0,"77":0,"78":0,"79":0,"80":0,"81":0,"82":0,"83":0,"84":0,"85":0,"86":0,"87":0,"88":0,"89":0,"90":0,"91":0,"92":0,"93":0,"94":0,"95":0,"96":0,"97":4,"98":4,"99":9,"100":9,"101":4,"102":1,"103":1,"104":1,"105":1,"106":0,"107":0,"108":0,"109":0,"110":0,"111":0,"112":0,"113":0,"114":0,"115":0,"116":0,"117":0,"118":1,"119":0,"120":0,"121":3,"122":0,"123":0,"124":0,"125":0,"126":0,"127":0,"128":0,"129":0,"130":0,"131":0,"132":0,"133":0,"134":0,"135":0,"136":0,"137":0,"138":0,"139":4,"140":0,"141":0,"142":4,"143":4,"144":4,"145":0,"146":4,"147":1,"148":0,"149":1,"150":1,"151":1,"152":1,"153":1,"154":1,"155":1,"156":0,"157":1,"158":1,"159":1,"160":1,"161":0,"162":0,"163":0,"164":0,"165":1,"166":1,"167":1,"168":0,"169":0,"170":0,"171":0,"172":2,"173":2,"174":4,"175":4,"176":0,"177":0,"178":2,"179":2,"180":2,"181":2,"182":0,"183":2,"184":0,"185":0,"186":0,"187":0,"188":0,"189":1,"190":1,"191":1,"192":1,"193":1,"194":1,"195":1,"196":1,"197":1,"198":0,"199":0,"200":7,"201":7,"202":7,"203":0,"204":0,"205":7,"206":4,"207":3,"208":3,"209":4,"210":4,"211":4,"212":4,"213":6,"214":1,"215":4,"216":1,"217":1,"218":1,"219":2,"220":3,"221":1,"222":1,"223":1,"224":1,"225":1,"226":1,"227":1,"228":0,"229":0,"230":0,"231":0,"232":1,"233":1,"234":1,"235":1,"236":1,"237":1,"238":2,"239":5,"240":6,"241":2,"242":2,"243":2,"244":2,"245":1,"246":1,"247":1,"248":1,"249":1,"250":1,"251":1,"252":2,"253":1,"254":2,"255":1,"256":1,"257":1,"258":1,"259":1,"260":2,"261":1,"262":1,"263":1,"264":1,"265":0,"266":0,"267":0,"268":0,"269":1,"270":1,"271":1,"272":1},"f":{"0":0,"1":0,"2":0,"3":2,"4":1,"5":6,"6":15,"7":0,"8":4,"9":4,"10":7,"11":8,"12":0,"13":0,"14":0,"15":0,"16":2,"17":6,"18":7,"19":0,"20":0,"21":0,"22":0,"23":0,"24":0,"25":0,"26":0,"27":0,"28":0,"29":4,"30":9,"31":4,"32":1,"33":0,"34":0,"35":0,"36":3,"37":0,"38":0,"39":0,"40":0,"41":0,"42":0,"43":0,"44":0,"45":4,"46":4,"47":1,"48":1,"49":2,"50":2,"51":0,"52":1,"53":0,"54":7,"55":3,"56":4,"57":4,"58":6,"59":1,"60":1,"61":1,"62":2,"63":1,"64":1,"65":2,"66":5,"67":2,"68":1,"69":1,"70":1,"71":1},"b":{"0":[0,0],"1":[0,0],"2":[0,0],"3":[0,0,0,0],"4":[2,0],"5":[2,2],"6":[1,0],"7":[1,0],"8":[1,0],"9":[1,0],"10":[4,0],"11":[4,4],"12":[4,0],"13":[0,7],"14":[0,7
[...]
lumn":36}}],"line":158},"90":{"loc":{"start":{"line":207,"column":8},"end":{"line":260,"column":9}},"type":"switch","locations":[{"start":{"line":208,"column":10},"end":{"line":216,"column":15}},{"start":{"line":218,"column":10},"end":{"line":231,"column":15}},{"start":{"line":233,"column":10},"end":{"line":236,"column":88}},{"start":{"line":238,"column":10},"end":{"line":241,"column":103}},{"start":{"line":243,"column":10},"end":{"line":245,"column":18}},{"start":{"line":247,"column":10},"end":{"line":255,"column":16}},{"start":{"line":257,"column":10},"end":{"line":257,"column":18}},{"start":{"line":258,"column":10},"end":{"line":259,"column":36}}],"line":207},"91":{"loc":{"start":{"line":221,"column":12},"end":{"line":224,"column":13}},"type":"if","locations":[{"start":{"line":221,"column":12},"end":{"line":224,"column":13}},{"start":{"line":221,"column":12},"end":{"line":224,"column":13}}],"line":221}},"s":{"0":0,"1":0,"2":0,"3":1,"4":1,"5":1,"6":1,"7":1,"8":1,"9":4,"10":1,"11":9,"12":1,"13":1,"14":1,"15":1,"16":1,"17":1,"18":1,"19":15,"20":1,"21":1,"22":0,"23":0,"24":6,"25":6,"26":6,"27":6,"28":6,"29":6,"30":16,"31":0,"32":16,"33":0,"34":0,"35":0,"36":16,"37":22,"38":22,"39":0,"40":0,"41":0,"42":0,"43":0,"44":22,"45":13,"46":9,"47":3,"48":0,"49":3,"50":6,"51":22,"52":22,"53":22,"54":22,"55":6,"56":16,"57":0,"58":22,"59":22,"60":0,"61":1,"62":1,"63":1,"64":1,"65":0,"66":1,"67":1,"68":1,"69":1,"70":2,"71":6,"72":16,"73":0,"74":0,"75":0,"76":0,"77":0,"78":0,"79":0,"80":0,"81":0,"82":0,"83":0,"84":0,"85":0,"86":0,"87":0,"88":0,"89":0,"90":0,"91":0,"92":0,"93":0,"94":0,"95":0,"96":0,"97":0,"98":0,"99":6,"100":6,"101":15,"102":15,"103":6,"104":1,"105":1,"106":1,"107":1,"108":0,"109":0,"110":0,"111":0,"112":0,"113":0,"114":0,"115":0,"116":0,"117":0,"118":0,"119":0,"120":1,"121":0,"122":0,"123":4,"124":0,"125":0,"126":0,"127":0,"128":0,"129":0,"130":0,"131":0,"132":0,"133":0,"134":0,"135":0,"136":0,"137":0,"138":0,"139":0,"140":0,"141":6,"142":0,"143":0,"144":6,"145":6,"146":6,"147":0,"148":6,"149":3,"150":0,"151":3,"152":3,"153":3,"154":3,"155":3,"156":3,"157":3,"158":0,"159":3,"160":3,"161":3,"162":3,"163":0,"164":0,"165":0,"166":0,"167":3,"168":3,"169":3,"170":0,"171":0,"172":0,"173":0,"174":12,"175":12,"176":24,"177":24,"178":0,"179":0,"180":12,"181":12,"182":12,"183":12,"184":0,"185":12,"186":0,"187":0,"188":0,"189":0,"190":0,"191":3,"192":3,"193":3,"194":3,"195":3,"196":3,"197":3,"198":3,"199":3,"200":0,"201":0,"202":16,"203":16,"204":16,"205":0,"206":0,"207":16,"208":6,"209":10,"210":4,"211":6,"212":6,"213":6,"214":6,"215":13,"216":3,"217":6,"218":1,"219":1,"220":2,"221":7,"222":7,"223":2,"224":2,"225":2,"226":2,"227":1,"228":1,"229":1,"230":1,"231":1,"232":1,"233":1,"234":1,"235":1,"236":1,"237":2,"238":1,"239":2,"240":1,"241":1,"242":1,"243":2,"244":8,"245":8,"246":2,"247":2,"248":2,"249":2,"250":2,"251":1,"252":1,"253":1,"254":1,"255":1,"256":1,"257":1,"258":1,"259":1,"260":1,"261":1,"262":1,"263":1,"264":2,"265":1,"266":2,"267":1,"268":1,"269":1,"270":0,"271":0,"272":0,"273":0,"274":0,"275":0,"276":0,"277":0,"278":0,"279":0,"280":0,"281":0,"282":0,"283":0,"284":0,"285":1,"286":0,"287":1,"288":1,"289":1,"290":2,"291":7,"292":7,"293":2,"294":2,"295":2,"296":2,"297":1,"298":1,"299":0,"300":0,"301":1,"302":1,"303":1,"304":1,"305":0,"306":0,"307":0,"308":0,"309":1,"310":1,"311":1,"312":1,"313":2,"314":1,"315":2,"316":1},"f":{"0":0,"1":0,"2":0,"3":4,"4":1,"5":9,"6":15,"7":0,"8":6,"9":6,"10":16,"11":22,"12":0,"13":0,"14":0,"15":0,"16":2,"17":6,"18":16,"19":0,"20":0,"21":0,"22":0,"23":0,"24":0,"25":0,"26":0,"27":0,"28":0,"29":6,"30":15,"31":6,"32":1,"33":0,"34":0,"35":0,"36":4,"37":0,"38":0,"39":0,"40":0,"41":0,"42":0,"43":0,"44":0,"45":6,"46":6,"47":3,"48":3,"49":12,"50":12,"51":0,"52":3,"53":0,"54":16,"55":4,"56":6,"57":6,"58":13,"59":3,"60":1,"61":2,"62":7,"63":2,"64":1,"65":2,"66":8,"67":2,"68":1,"69":0,"70":0,"71":0,"72":1,"73":2,"74":7,"75":2},"b":{"0":[0,0],"1":[0,0],"2":[0,0],"3":[0,0,0,0],"4":[4,0],"5":[4,4],"6":[1,0],"7":[1,0],"8":[1,0],"9":[1,0],"10":[6,0],"11":[6,6],"12":[6,0],"13":[0,16],"14":[0,16],"15":[0,0],"16":[0,22],"17":[0,0],"18":[0,0],"19":[13,9],"20":[3,6],"21":[0,3],"22":[6,6],"23":[22,0],"24":[6,16],"25":[6,16],"26":[0,0],"27":[1,1],"28":[1,1,1,1],"29":[0,0],"30":[0,0],"31":[0,0,0],"32":[0,0],"33":[0,0],"34":[0,0],"35":[0,0],"36":[0,0],"37":[0,0],"38":[0,0],"39":[0,0],"40":[0,0],"41":[6,6],"42":[6,0],"43":[15,12],"44":[1,0],"45":[1,0],"46":[0,0],"47":[0,0],"48":[0,0],"49":[0,0],"50":[0,0,0],"51":[0,0],"52":[4,0],"53":[0,0],"54":[0,0],"55":[0,0],"56":[0,0],"57":[0,6],"58":[0,0,0,0],"59":[0,6],"60":[0,3],"61":[3,3],"62":[0,3],"63":[3,0],"64":[0,3],"65":[3,3],"66":[0,0],"67":[0,0],"68":[3,0],"69":[3,0],"70":[0,0],"71":[0,0],"72":[0,24],"73":[24,12,0],"74":[12,0,0,0,0,0],"75":[0,12],"76":[0,12],"77":[0,12],"78":[0,12],"79":[12,12],"80":[12,0],"81":[0,0,0],"82":[0,0],"83":[3,0],"84":[3,0],"85":[0,0],"86":[6,10],"87":[2,1,1,1,0,2],"88":[2,1,1,1,1,0,2],"89":[0,0,0,0,0],"90":[2,1,1,0,0,1,0,2],"91":[0,1]},"inputSourceMap":{"version":3,"names":["viewAllItems","req","res","useremail","headers","User","findOne","where","email","user","CartItem","findAll","userId","id","cartItems","logger","info","status","json","error","message","addCartItem","product","body","Product","seletedProduct","newCartItem","name","price","quantity","image","images","productId","createCartItem","editCartItem","params","updatedCartItem","update","deleteCartItem","cartItem","destroy"],"sourceRoot":"D:\\projects\\web projects\\sports web app\\API\\src\\controllers\\","sources":["cart.js"],"sourcesContent":["import logger from \"../middleware/logger\";\r\nimport CartItem from \"../models/CartItem\";\r\nimport User from \"../models/User\";\r\nimport Product from \"../models/product\";\r\n\r\nconst viewAllItems = async (req, res) => {\r\n  try {\r\n    const { useremail } = req.headers;\r\n    const user = await User.findOne({ where: { email: useremail } });\r\n    const cartItems = await CartItem.findAll({ where: { userId: user.id } });\r\n\r\n    logger.info(\"list all cart items\");\r\n    return res.status(200).json(cartItems);\r\n  } catch (error) {\r\n    logger.error(error);\r\n    return res.status(500).json({ error: error.message });\r\n  }\r\n};\r\n\r\nconst addCartItem = async (req, res) => {\r\n  try {\r\n    const { product } = req.body;\r\n    const { useremail } = req.headers;\r\n    const user = await User.findOne({ where: { email: useremail } });\r\n    const seletedProduct = await Product.findOne({ where: { id: product.id } });\r\n\r\n    const newCartItem = {\r\n      name: seletedProduct.name,\r\n      price: seletedProduct.price,\r\n      quantity: 1,\r\n      image: seletedProduct.images[0],\r\n      productId: seletedProduct.id,\r\n    };\r\n    await user.createCartItem(newCartItem);\r\n\r\n    logger.info(\"item added to cart\");\r\n    return res.status(201).json({ message: \"item added to cart\" });\r\n  } catch (error) {\r\n    logger.error(error);\r\n    return res.status(500).json({ error: error.message });\r\n  }\r\n};\r\n\r\nconst editCartItem = async (req, res) => {\r\n  try {\r\n    const id = req.params.id;\r\n    const updatedCartItem = {};\r\n    await CartItem.update(updatedCartItem, { where: { id: id } });\r\n    logger.info(\"edit cart item\");\r\n    return res.status(201).json({ message: \"cart item edited\" });\r\n  } catch (error) {\r\n    logger.error(error);\r\n    return res.status(500).json({ error: error.message });\r\n  }\r\n};\r\n\r\nconst deleteCartItem = async (req, res) => {\r\n  try {\r\n    const id = req.params.id;\r\n    const cartItem = await CartItem.findOne({ where: { id: id } });\r\n    if (cartItem) {\r\n      await CartItem.destroy({ where: { id: id } });\r\n      logger.info(\"delete a product\");\r\n      return res.status(200).json(\"delete a product\");\r\n    } else {\r\n      logger.info(\"failed to delete cart item\");\r\n      return res.status(500).json(\"cart item not found in database\");\r\n    }\r\n  } catch (error) {\r\n    logger.error(error);\r\n    return res.status(500).json({ error: error.message });\r\n  }\r\n};\r\n\r\nexport { viewAllItems, addCartItem, editCartItem, deleteCartItem };\r\n"],"mappings":";;;;;;;;;AAAA;;AACA;;AACA;;AACA;;;;+CAFA,oJ;;;;;;AAIA,IAAMA,YAAY;EAAA,sEAAG,iBAAOC,GAAP,EAAYC,GAAZ;IAAA;IAAA;MAAA;QAAA;UAAA;YAAA;YAETC,SAFS,GAEKF,GAAG,CAACG,OAFT,CAETD,SAFS;YAAA;YAAA,OAGEE,gBAAA,CAAKC,OAAL,CAAa;cAAEC,KAAK,EAAE;gBAAEC,KAAK,EAAEL;cAAT;YAAT,CAAb,CAHF;;UAAA;YAGXM,IAHW;YAAA;YAAA,OAIOC,oBAAA,CAASC,OAAT,CAAiB;cAAEJ,KAAK,EAAE;gBAAEK,MAAM,EAAEH,IAAI,CAACI;cAAf;YAAT,CAAjB,CAJP;;UAAA;YAIXC,SAJW;;YAMjBC,kBAAA,CAAOC,IAAP,CAAY,qBAAZ;;YANiB,iCAOVd,GAAG,CAACe,MAAJ,CAAW,GAAX,EAAgBC,IAAhB,CAAqBJ,SAArB,CAPU;;UAAA;YAAA;YAAA;;YASjBC,kBAAA,CAAOI,KAAP;;YATiB,iCAUVjB,GAAG,CAACe,MAAJ,CAAW,GAAX,EAAgBC,IAAhB,CAAqB;cAAEC,KAAK,EAAE,YAAMC;YAAf,CAArB,CAVU;;UAAA;UAAA;YAAA;QAAA;MAAA;IAAA;EAAA,CAAH;;EAAA,gBAAZpB,YAAY;IAAA;EAAA;AAAA,GAAlB;;;;AAcA,IAAMqB,WAAW;EAAA,uEAAG,kBAAOpB,GAAP,EAAYC,GAAZ;IAAA;IAAA;MAAA;QAAA;UAAA;YAAA;YAERoB,OAFQ,GAEIrB,GAAG,CAACsB,IAFR,CAERD,OAFQ;YAGRnB,SAHQ,GAGMF,GAAG,CAACG,OAHV,CAGRD,SAHQ;YAAA;YAAA,OAIGE,gBAAA,CAAKC,OAAL,CAAa;cAAEC,KAAK,EAAE;gBAAEC,KAAK,EAAEL;cAAT;YAAT,CAAb,CAJH;;UAAA;YAIVM,IAJU;YAAA;YAAA,OAKae,mBAAA,CAAQlB,OAAR,CAAgB;cAAEC,KAAK,EAAE;gBAAEM,EAAE,EAAES,OAAO,CAACT;cAAd;YAAT,CAAhB,CALb;;UAAA;YAKVY,cALU;YAOVC,WAPU,GAOI;cAClBC,IAAI,EAAEF,cAAc,CAACE,IADH;cAElBC,KAAK,EAAEH,cAAc,CAACG,KAFJ;cAGlBC,QAAQ,EAAE,CAHQ;cAIlBC,KAAK,EAAEL,cAAc,CAACM,MAAf,CAAsB,CAAtB,CAJW;cAKlBC,SAAS,EAAEP,cAAc,CAACZ;YALR,CAPJ;YAAA;YAAA,OAcVJ,IAAI,CAACwB,cAAL,CAAoBP,WAApB,CAdU;;UAAA;YAgBhBX,kBAAA,CAAOC,IAAP,CAAY,oBAAZ;;YAhBgB,kCAiBTd,GAAG,CAACe,MAAJ,CAAW,GAAX,EAAgBC,IAAhB,CAAqB;cAAEE,OAAO,EAAE;YAAX,CAArB,CAjBS;;UAAA;YAAA;YAAA;;YAmBhBL,kBAAA,CAAOI,KAAP;;YAnBgB,kCAoBTjB,GAAG,CAACe,MAAJ,CAAW,GAAX,EAAgBC,IAAhB,CAAqB;cAAEC,KAAK,EAAE,aAAMC;YAAf,CAArB,CApBS;;UAAA;UAAA;YAAA;QAAA;MAAA;IAAA;EAAA,CAAH;;EAAA,gBAAXC,WAAW;IAAA;EAAA;AAAA,GAAjB;;;;AAwBA,IAAMa,YAAY;EAAA,uEAAG,kBAAOjC,GAAP,EAAYC,GAAZ;IAAA;IAAA;MAAA;QAAA;UAAA;YAAA;YAEXW,EAFW,GAENZ,GAAG,CAACkC,MAAJ,CAAWtB,EAFL;YAGXuB,eAHW,GAGO,EAHP;YAAA;YAAA,OAIX1B,oBAAA,CAAS2B,MAAT,CAAgBD,eAAhB,EAAiC;cAAE7B,KAAK,EAAE;gBAAEM,EAAE,EAAEA;cAAN;YAAT,CAAjC,CAJW;;UAAA;YAKjBE,kBAAA,CAAOC,IAAP,CAAY,gBAAZ;;YALiB,kCAMVd,GAAG,CAACe,MAAJ,CAAW,GAAX,EAAgBC,IAAhB,CAAqB;cAAEE,OAAO,EAAE;YAAX,CAArB,CANU;;UAAA;YAAA;YAAA;;YAQjBL,kBAAA,CAAOI,KAAP;;YARiB,kCASVjB,GAAG,CAACe,MAAJ,CAAW,GAAX,EAAgBC,IAAhB,CAAqB;cAAEC,KAAK,EAAE,aAAMC;YAAf,CAArB,CATU;;UAAA;UAAA;YAAA;QAAA;MAAA;IAAA;EAAA,CAAH;;EAAA,gBAAZc,YAAY;IAAA;EAAA;AAAA,GAAlB;;;;AAaA,IAAMI,cAAc;EAAA,uEAAG,kBAAOrC,GAAP,EAAYC,GAAZ;IAAA;IAAA;MAAA;QAAA;UAAA;YAAA;YAEbW,EAFa,GAERZ,GAAG,CAACkC,MAAJ,CAAWtB,EAFH;YAAA;YAAA,OAGIH,oBAAA,CAASJ,OAAT,CAAiB;cAAEC,KAAK,EAAE;gBAAEM,EAAE,EAAEA;cAAN;YAAT,CAAjB,CAHJ;;UAAA;YAGb0B,QAHa;;YAAA,KAIfA,QAJe;cAAA;cAAA;YAAA;;YAAA;YAAA,OAKX7B,oBAAA,CAAS8B,OAAT,CAAiB;cAAEjC,KAAK,EAAE;gBAAEM,EAAE,EAAEA;cAAN;YAAT,CAAjB,CALW;;UAAA;YAMjBE,kBAAA,CAAOC,IAAP,CAAY,kBAAZ;;YANiB,kCAOVd,GAAG,CAACe,MAAJ,CAAW,GAAX,EAAgBC,IAAhB,CAAqB,kBAArB,CAPU;;UAAA;YASjBH,kBAAA,CAAOC,IAAP,CAAY,4BAAZ;;YATiB,kCAUVd,GAAG,CAACe,MAAJ,CAAW,GAAX,EAAgBC,IAAhB,CAAqB,iCAArB,CAVU;;UAAA;YAAA;YAAA;;UAAA;YAAA;YAAA;;YAanBH,kBAAA,CAAOI,KAAP;;YAbmB,kCAcZjB,GAAG,CAACe,MAAJ,CAAW,GAAX,EAAgBC,IAAhB,CAAqB;cAAEC,KAAK,EAAE,aAAMC;YAAf,CAArB,CAdY;;UAAA;UAAA;YAAA;QAAA;MAAA;IAAA;EAAA,CAAH;;EAAA,gBAAdkB,cAAc;IAAA;EAAA;AAAA,GAApB"},"_coverageSchema":"1a1c01bbd47fc00a2c39e90264f33305004495a9","hash":"7171b9c80cd3affd9af8316b6a10f2f2f2de042f","contentHash":"26f402feb98737547515271a65dde7ebdcea19e540bac92a270b88a4090f688e"},"D:\\projects\\web projects\\sports web app\\API\\src\\models\\CartItem.js":{"path":"D:\\projects\\web projects\\sports web app\\API\\src\\models\\CartItem.js","statementMap":{"0":{"start":{"line":3,"column":0},"end":{"line":5,"column":3}},"1":{"start":{"line":6,"column":0},"end":{"line":6,"column":28}},"2":{"start":{"line":8,"column":8},"end":{"line":8,"column":44}},"3":{"start":{"line":10,"column":17},"end":{"line":10,"column":61}},"4":{"start":{"line":12,"column":12},"end":{"line":12,"column":53}},"5":{"start":{"line":14,"column":15},"end":{"line":14,"column":59}},"6":{"start":{"line":16,"column":39},"end":{"line":16,"column":95}},"7":{"start":{"line":18,"column":15},"end":{"line":43,"column":2}},"8":{"start":{"line":45,"column":0},"end":{"line":45,"column":35}},"9":{"start":{"line":47,"column":0},"end":{"line":47,"column":37}},"10":{"start":{"line":49,"column":0},"end":{"line":49,"column":38}},"11":{"start":{"line":51,"column":0},"end":{"line":51,"column":40}},"12":{"start":{"line":52,"column":15},"end":{"line":52,"column":23}},"13":{"start":{"line":53,"column":0},"end":{"line":53,"column":30}}},"fnMap":{"0":{"name":"_interopRequireDefault","decl":{"start":{"line":16,"column":9},"end":{"line":16,"column":31}},"loc":{"start":{"line":16,"column":37},"end":{"line":16,"column":97}},"line":16}},"branchMap":{"0":{"loc":{"start":{"line":16,"column":46},"end":{"line":16,"column":94}},"type":"cond-expr","locations":[{"start":{"line":16,"column":70},"end":{"line":16,"column":73}},{"start":{"line":16,"column":76},"end":{"line":16,"column":94}}],"line":16},"1":{"loc":{"start":{"line":16,"column":46},"end":{"line":16,"column":67}},"type":"binary-expr","locations":[{"start":{"line":16,"column":46},"end":{"line":16,"column":49}},{"start":{"line":16,"column":53},"end":{"line":16,"column":67}}],"line":16}},"s":{"0":1,"1":1,"2":1,"3":1,"4":1,"5":1,"6":4,"7":1,"8":1,"9":1,"10":1,"11":1,"12":1,"13":1},"f":{"0":4},"b":{"0":[3,1],"1":[4,4]},"inputSourceMap":{"version":3,"names":["CartItem","sequelize","define","id","type","Sequelize","UUID","defaultValue","UUIDV1","primaryKey","allowNull","name","STRING","price","FLOAT","image","TEXT","qunatity","INTEGER","timestamps","User","hasMany","belongsTo","Product"],"sourceRoot":"D:\\projects\\web projects\\sports web app\\API\\src\\models\\","sources":["CartItem.js"],"sourcesContent":["import sequelize from \".\";\r\nimport Sequelize from \"sequelize\";\r\n\r\nimport User from \"./User\";\r\nimport Product from \"./product\";\r\n\r\nconst CartItem = sequelize.define(\r\n  \"cartItem\",\r\n  {\r\n    id: {\r\n      type: Sequelize.UUID,\r\n      defaultValue: Sequelize.UUIDV1,\r\n      primaryKey: true,\r\n      allowNull: false,\r\n    },\r\n    name: {\r\n      type: Sequelize.STRING,\r\n      allowNull: false,\r\n    },\r\n    price: {\r\n      type: Sequelize.FLOAT,\r\n      allowNull: false,\r\n    },\r\n    image: {\r\n      type: Sequelize.TEXT,\r\n      allowNull: true,\r\n    },\r\n    qunatity: {\r\n      type: Sequelize.INTEGER,\r\n      allowNull: true,\r\n    },\r\n  },\r\n  { timestamps: false }\r\n);\r\n\r\nUser.hasMany(CartItem);\r\nCartItem.belongsTo(User);\r\n\r\nProduct.hasMany(CartItem);\r\nCartItem.belongsTo(Product);\r\n\r\nexport default CartItem;\r\n"],"mappings":";;;;;;;AAAA;;AACA;;AAEA;;AACA;;;;AAEA,IAAMA,QAAQ,GAAGC,YAAA,CAAUC,MAAV,CACf,UADe,EAEf;EACEC,EAAE,EAAE;IACFC,IAAI,EAAEC,qBAAA,CAAUC,IADd;IAEFC,YAAY,EAAEF,qBAAA,CAAUG,MAFtB;IAGFC,UAAU,EAAE,IAHV;IAIFC,SAAS,EAAE;EAJT,CADN;EAOEC,IAAI,EAAE;IACJP,IAAI,EAAEC,qBAAA,CAAUO,MADZ;IAEJF,SAAS,EAAE;EAFP,CAPR;EAWEG,KAAK,EAAE;IACLT,IAAI,EAAEC,qBAAA,CAAUS,KADX;IAELJ,SAAS,EAAE;EAFN,CAXT;EAeEK,KAAK,EAAE;IACLX,IAAI,EAAEC,qBAAA,CAAUW,IADX;IAELN,SAAS,EAAE;EAFN,CAfT;EAmBEO,QAAQ,EAAE;IACRb,IAAI,EAAEC,qBAAA,CAAUa,OADR;IAERR,SAAS,EAAE;EAFH;AAnBZ,CAFe,EA0Bf;EAAES,UAAU,EAAE;AAAd,CA1Be,CAAjB;;AA6BAC,gBAAA,CAAKC,OAAL,CAAarB,QAAb;;AACAA,QAAQ,CAACsB,SAAT,CAAmBF,gBAAnB;;AAEAG,mBAAA,CAAQF,OAAR,CAAgBrB,QAAhB;;AACAA,QAAQ,CAACsB,SAAT,CAAmBC,mBAAnB;eAEevB,Q"},"_coverageSchema":"1a1c01bbd47fc00a2c39e90264f33305004495a9","hash":"ca8f31f89fd1523fd11af6b4ab200c00255b1c2f","contentHash":"7cf607aacceaf8c3c614cc44350718a231f17fa9ba4e9439c76e64a68f9f4459"},"D:\\projects\\web projects\\sports web app\\API\\src\\models\\cartItem.js":{"path":"D:\\projects\\web projects\\sports web app\\API\\src\\models\\cartItem.js","statementMap":{"0":{"start":{"line":3,"column":0},"end":{"line":5,"column":3}},"1":{"start":{"line":6,"column":0},"end":{"line":6,"column":28}},"2":{"start":{"line":8,"column":8},"end":{"line":8,"column":44}},"3":{"start":{"line":10,"column":17},"end":{"line":10,"column":61}},"4":{"start":{"line":12,"column":12},"end":{"line":12,"column":53}},"5":{"start":{"line":14,"column":15},"end":{"line":14,"column":59}},"6":{"start":{"line":16,"column":39},"end":{"line":16,"column":95}},"7":{"start":{"line":18,"column":15},"end":{"line":43,"column":2}},"8":{"start":{"line":45,"column":0},"end":{"line":45,"column":35}},"9":{"start":{"line":47,"column":0},"end":{"line":47,"column":37}},"10":{"start":{"line":49,"column":0},"end":{"line":49,"column":38}},"11":{"start":{"line":51,"column":0},"end":{"line":51,"column":40}},"12":{"start":{"line":52,"column":15},"end":{"line":52,"column":23}},"13":{"start":{"line":53,"column":0},"end":{"line":53,"column":30}}},"fnMap":{"0":{"name":"_interopRequireDefault","decl":{"start":{"line":16,"column":9},"end":{"line":16,"column":31}},"loc":{"start":{"line":16,"column":37},"end":{"line":16,"column":97}},"line":16}},"branchMap":{"0":{"loc":{"start":{"line":16,"column":46},"end":{"line":16,"column":94}},"type":"cond-expr","locations":[{"start":{"line":16,"column":70},"end":{"line":16,"column":73}},{"start":{"line":16,"column":76},"end":{"line":16,"column":94}}],"line":16},"1":{"loc":{"start":{"line":16,"column":46},"end":{"line":16,"column":67}},"type":"binary-expr","locations":[{"start":{"line":16,"column":46},"end":{"line":16,"column":49}},{"start":{"line":16,"column":53},"end":{"line":16,"column":67}}],"line":16}},"s":{"0":1,"1":1,"2":1,"3":1,"4":1,"5":1,"6":4,"7":1,"8":1,"9":1,"10":1,"11":1,"12":1,"13":1},"f":{"0":4},"b":{"0":[3,1],"1":[4,4]},"inputSourceMap":{"version":3,"names":["CartItem","sequelize","define","id","type","Sequelize","UUID","defaultValue","UUIDV1","primaryKey","allowNull","name","STRING","price","FLOAT","image","TEXT","qunatity","INTEGER","timestamps","User","hasMany","belongsTo","Product"],"sourceRoot":"D:\\projects\\web projects\\sports web app\\API\\src\\models\\","sources":["cartItem.js"],"sourcesContent":["import sequelize from \".\";\r\nimport Sequelize from \"sequelize\";\r\n\r\nimport User from \"./User\";\r\nimport Product from \"./product\";\r\n\r\nconst CartItem = sequelize.define(\r\n  \"cartItem\",\r\n  {\r\n    id: {\r\n      type: Sequelize.UUID,\r\n      defaultValue: Sequelize.UUIDV1,\r\n      primaryKey: true,\r\n      allowNull: false,\r\n    },\r\n    name: {\r\n      type: Sequelize.STRING,\r\n      allowNull: false,\r\n    },\r\n    price: {\r\n      type: Sequelize.FLOAT,\r\n      allowNull: false,\r\n    },\r\n    image: {\r\n      type: Sequelize.TEXT,\r\n      allowNull: true,\r\n    },\r\n    qunatity: {\r\n      type: Sequelize.INTEGER,\r\n      allowNull: true,\r\n    },\r\n  },\r\n  { timestamps: false }\r\n);\r\n\r\nUser.hasMany(CartItem);\r\nCartItem.belongsTo(User);\r\n\r\nProduct.hasMany(CartItem);\r\nCartItem.belongsTo(Product);\r\n\r\nexport default CartItem;\r\n"],"mappings":";;;;;;;AAAA;;AACA;;AAEA;;AACA;;;;AAEA,IAAMA,QAAQ,GAAGC,YAAA,CAAUC,MAAV,CACf,UADe,EAEf;EACEC,EAAE,EAAE;IACFC,IAAI,EAAEC,qBAAA,CAAUC,IADd;IAEFC,YAAY,EAAEF,qBAAA,CAAUG,MAFtB;IAGFC,UAAU,EAAE,IAHV;IAIFC,SAAS,EAAE;EAJT,CADN;EAOEC,IAAI,EAAE;IACJP,IAAI,EAAEC,qBAAA,CAAUO,MADZ;IAEJF,SAAS,EAAE;EAFP,CAPR;EAWEG,KAAK,EAAE;IACLT,IAAI,EAAEC,qBAAA,CAAUS,KADX;IAELJ,SAAS,EAAE;EAFN,CAXT;EAeEK,KAAK,EAAE;IACLX,IAAI,EAAEC,qBAAA,CAAUW,IADX;IAELN,SAAS,EAAE;EAFN,CAfT;EAmBEO,QAAQ,EAAE;IACRb,IAAI,EAAEC,qBAAA,CAAUa,OADR;IAERR,SAAS,EAAE;EAFH;AAnBZ,CAFe,EA0Bf;EAAES,UAAU,EAAE;AAAd,CA1Be,CAAjB;;AA6BAC,gBAAA,CAAKC,OAAL,CAAarB,QAAb;;AACAA,QAAQ,CAACsB,SAAT,CAAmBF,gBAAnB;;AAEAG,mBAAA,CAAQF,OAAR,CAAgBrB,QAAhB;;AACAA,QAAQ,CAACsB,SAAT,CAAmBC,mBAAnB;eAEevB,Q"},"_coverageSchema":"1a1c01bbd47fc00a2c39e90264f33305004495a9","hash":"b74faf21ef88dca534e20fce8f70d71876e3719e","contentHash":"869d7ab2350d3256f0c6e88b6cba021c60d941bfe3e9dee092de4e6dbdb69438"}}