TN:
SF:src\index.js
FN:17,(anonymous_1)
FN:28,(anonymous_2)
FN:32,(anonymous_3)
FNF:3
FNH:1
FNDA:0,(anonymous_1)
FNDA:0,(anonymous_2)
FNDA:1,(anonymous_3)
DA:1,1
DA:2,1
DA:3,1
DA:5,1
DA:6,1
DA:7,1
DA:8,1
DA:9,1
DA:11,1
DA:12,1
DA:14,1
DA:15,1
DA:17,1
DA:18,0
DA:20,1
DA:22,1
DA:23,1
DA:24,1
DA:25,1
DA:26,1
DA:28,1
DA:29,0
DA:32,1
DA:33,1
DA:36,1
LF:25
LH:23
BRDA:11,0,0,1
BRDA:11,0,1,1
BRF:2
BRH:2
end_of_record
TN:
SF:src\controllers\cart.js
FN:6,(anonymous_60)
FN:6,_callee
FN:6,viewAllItems
FN:20,(anonymous_64)
FN:20,_callee2
FN:20,addCartItem
FN:44,(anonymous_68)
FN:44,_callee3
FN:44,editCartItem
FN:57,(anonymous_72)
FN:57,_callee4
FN:57,deleteCartItem
FNF:12
FNH:10
FNDA:1,(anonymous_60)
FNDA:9,_callee
FNDA:2,viewAllItems
FNDA:1,(anonymous_64)
FNDA:10,_callee2
FNDA:2,addCartItem
FNDA:1,(anonymous_68)
FNDA:0,_callee3
FNDA:0,editCartItem
FNDA:1,(anonymous_72)
FNDA:9,_callee4
FNDA:2,deleteCartItem
DA:1,1
DA:2,1
DA:3,1
DA:4,1
DA:6,30
DA:8,2
DA:9,1
DA:10,1
DA:12,1
DA:15,1
DA:20,34
DA:22,2
DA:23,2
DA:24,1
DA:25,1
DA:27,1
DA:36,1
DA:39,1
DA:44,3
DA:46,0
DA:47,0
DA:49,0
DA:52,0
DA:57,31
DA:59,2
DA:60,1
DA:63,1
DA:66,0
DA:70,1
LF:29
LH:24
BRDA:6,0,0,2
BRDA:6,0,1,1
BRDA:6,0,2,1
BRDA:6,0,3,1
BRDA:6,0,4,0
BRDA:6,0,5,2
BRDA:20,1,0,2
BRDA:20,1,1,1
BRDA:20,1,2,1
BRDA:20,1,3,1
BRDA:20,1,4,1
BRDA:20,1,5,0
BRDA:20,1,6,2
BRDA:44,2,0,0
BRDA:44,2,1,0
BRDA:44,2,2,0
BRDA:44,2,3,0
BRDA:44,2,4,0
BRDA:57,3,0,2
BRDA:57,3,1,1
BRDA:57,3,2,1
BRDA:57,3,3,0
BRDA:57,3,4,0
BRDA:57,3,5,1
BRDA:57,3,6,0
BRDA:57,3,7,2
BRDA:57,4,0,0
BRDA:57,4,1,1
BRF:28
BRH:17
end_of_record
TN:
SF:src\controllers\categories.js
FN:3,(anonymous_60)
FN:3,_callee
FN:3,listCategories
FN:13,(anonymous_64)
FN:13,_callee2
FN:13,addCategory
FN:24,(anonymous_68)
FN:24,_callee3
FN:24,deleteCategory
FNF:9
FNH:9
FNDA:1,(anonymous_60)
FNDA:3,_callee
FNDA:1,listCategories
FNDA:1,(anonymous_64)
FNDA:7,_callee2
FNDA:2,addCategory
FNDA:1,(anonymous_68)
FNDA:2,_callee3
FNDA:1,deleteCategory
DA:1,1
DA:2,1
DA:3,12
DA:5,1
DA:6,1
DA:8,0
DA:13,26
DA:15,2
DA:17,1
DA:19,1
DA:24,8
DA:26,1
DA:28,0
LF:13
LH:11
BRDA:3,0,0,1
BRDA:3,0,1,1
BRDA:3,0,2,0
BRDA:3,0,3,1
BRDA:3,0,4,1
BRDA:13,1,0,2
BRDA:13,1,1,1
BRDA:13,1,2,1
BRDA:13,1,3,1
BRDA:13,1,4,2
BRDA:24,2,0,1
BRDA:24,2,1,0
BRDA:24,2,2,1
BRDA:24,2,3,1
BRF:14
BRH:12
end_of_record
TN:
SF:src\controllers\checkout.js
FN:8,(anonymous_60)
FN:8,_callee
FN:8,checkoutCart
FNF:3
FNH:1
FNDA:1,(anonymous_60)
FNDA:0,_callee
FNDA:0,checkoutCart
DA:1,1
DA:2,1
DA:3,1
DA:5,1
DA:7,1
DA:8,3
DA:10,0
DA:34,0
DA:37,0
DA:42,1
LF:10
LH:7
BRDA:8,0,0,0
BRDA:8,0,1,0
BRDA:8,0,2,0
BRDA:8,0,3,0
BRDA:8,0,4,0
BRF:5
BRH:0
end_of_record
TN:
SF:src\controllers\products.js
FN:6,(anonymous_60)
FN:6,_callee
FN:6,viewProducts
FN:17,(anonymous_64)
FN:17,_callee3
FN:19,(anonymous_67)
FN:31,(anonymous_68)
FN:31,_callee2
FN:17,createProduct
FN:57,(anonymous_73)
FN:57,_callee4
FN:57,viewProduct
FN:69,(anonymous_77)
FN:69,_callee5
FN:69,editProduct
FN:82,(anonymous_81)
FN:82,_callee6
FN:82,deleteProduct
FNF:18
FNH:16
FNDA:1,(anonymous_60)
FNDA:3,_callee
FNDA:1,viewProducts
FNDA:1,(anonymous_64)
FNDA:11,_callee3
FNDA:2,(anonymous_67)
FNDA:3,(anonymous_68)
FNDA:8,_callee2
FNDA:3,createProduct
FNDA:1,(anonymous_73)
FNDA:7,_callee4
FNDA:2,viewProduct
FNDA:1,(anonymous_77)
FNDA:0,_callee5
FNDA:0,editProduct
FNDA:1,(anonymous_81)
FNDA:9,_callee6
FNDA:2,deleteProduct
DA:1,1
DA:2,1
DA:3,1
DA:4,1
DA:6,12
DA:8,1
DA:9,1
DA:10,1
DA:12,0
DA:17,37
DA:19,3
DA:20,2
DA:22,2
DA:30,1
DA:31,34
DA:33,2
DA:41,0
DA:45,1
DA:48,1
DA:52,1
DA:57,26
DA:59,2
DA:60,1
DA:61,1
DA:62,1
DA:64,1
DA:69,3
DA:71,0
DA:72,0
DA:74,0
DA:75,0
DA:77,0
DA:82,30
DA:84,2
DA:85,1
DA:88,1
DA:95,1
LF:37
LH:30
BRDA:6,0,0,1
BRDA:6,0,1,1
BRDA:6,0,2,0
BRDA:6,0,3,1
BRDA:6,0,4,1
BRDA:17,1,0,3
BRDA:17,1,1,1
BRDA:17,1,2,1
BRDA:17,1,3,0
BRDA:17,1,4,1
BRDA:17,1,5,0
BRDA:17,1,6,3
BRDA:17,2,0,1
BRDA:17,2,1,1
BRDA:31,3,0,2
BRDA:31,3,1,2
BRDA:31,3,2,2
BRDA:31,3,3,0
BRDA:31,3,4,2
BRDA:31,3,5,2
BRDA:31,4,0,0
BRDA:31,4,1,2
BRDA:34,5,0,2
BRDA:34,5,1,0
BRDA:57,6,0,2
BRDA:57,6,1,1
BRDA:57,6,2,1
BRDA:57,6,3,1
BRDA:57,6,4,2
BRDA:69,7,0,0
BRDA:69,7,1,0
BRDA:69,7,2,0
BRDA:69,7,3,0
BRDA:69,7,4,0
BRDA:82,8,0,2
BRDA:82,8,1,1
BRDA:82,8,2,1
BRDA:82,8,3,1
BRDA:82,8,4,0
BRDA:82,8,5,2
BRF:40
BRH:28
end_of_record
TN:
SF:src\controllers\users.js
FN:9,(anonymous_60)
FN:9,_callee
FN:9,viewAllUsers
FN:20,(anonymous_64)
FN:20,_callee2
FN:20,loginUser
FN:63,(anonymous_68)
FN:63,_callee3
FN:63,editUserDetails
FN:76,(anonymous_72)
FN:76,_callee4
FN:76,deleteUser
FNF:12
FNH:10
FNDA:1,(anonymous_60)
FNDA:3,_callee
FNDA:1,viewAllUsers
FNDA:1,(anonymous_64)
FNDA:9,_callee2
FNDA:2,loginUser
FNDA:1,(anonymous_68)
FNDA:0,_callee3
FNDA:0,editUserDetails
FNDA:1,(anonymous_72)
FNDA:9,_callee4
FNDA:2,deleteUser
DA:1,1
DA:2,1
DA:3,1
DA:4,1
DA:5,1
DA:7,1
DA:9,8
DA:11,1
DA:12,1
DA:15,0
DA:20,35
DA:24,2
DA:26,1
DA:32,1
DA:33,1
DA:35,1
DA:43,1
DA:46,1
DA:54,1
DA:58,0
DA:63,3
DA:65,0
DA:66,0
DA:68,0
DA:71,0
DA:76,31
DA:78,2
DA:79,1
DA:82,1
DA:85,0
DA:89,1
LF:31
LH:24
BRDA:9,0,0,1
BRDA:9,0,1,0
BRDA:9,0,2,0
BRDA:9,0,3,1
BRDA:20,1,0,2
BRDA:20,1,1,2
BRDA:20,1,2,1
BRDA:20,1,3,1
BRDA:20,1,4,0
BRDA:20,1,5,0
BRDA:20,1,6,0
BRDA:20,1,7,2
BRDA:20,2,0,1
BRDA:20,2,1,1
BRDA:25,3,0,2
BRDA:25,3,1,2
BRDA:63,4,0,0
BRDA:63,4,1,0
BRDA:63,4,2,0
BRDA:63,4,3,0
BRDA:63,4,4,0
BRDA:76,5,0,2
BRDA:76,5,1,1
BRDA:76,5,2,1
BRDA:76,5,3,0
BRDA:76,5,4,0
BRDA:76,5,5,1
BRDA:76,5,6,0
BRDA:76,5,7,2
BRDA:76,6,0,0
BRDA:76,6,1,1
BRF:31
BRH:17
end_of_record
TN:
SF:src\middleware\imageUploader.js
FN:4,destination
FN:7,filename
FN:12,fileFilter
FNF:3
FNH:3
FNDA:2,destination
FNDA:2,filename
FNDA:2,fileFilter
DA:1,1
DA:3,1
DA:5,2
DA:8,2
DA:12,1
DA:13,2
DA:18,2
DA:20,0
DA:24,1
DA:30,1
LF:10
LH:9
BRDA:13,0,0,2
BRDA:13,0,1,0
BRDA:14,1,0,2
BRDA:14,1,1,2
BRDA:14,1,2,0
BRF:5
BRH:3
end_of_record
TN:
SF:src\middleware\logger.js
FN:12,(anonymous_0)
FNF:1
FNH:1
FNDA:23,(anonymous_0)
DA:1,1
DA:3,1
DA:12,23
DA:18,1
LF:4
LH:4
BRF:0
BRH:0
end_of_record
TN:
SF:src\models\CartItem.js
FNF:0
FNH:0
DA:1,1
DA:2,1
DA:4,1
DA:5,1
DA:7,1
DA:36,1
DA:37,1
DA:39,1
DA:40,1
DA:42,1
LF:10
LH:10
BRF:0
BRH:0
end_of_record
TN:
SF:src\models\User.js
FNF:0
FNH:0
DA:1,1
DA:2,1
DA:4,1
DA:33,1
LF:4
LH:4
BRF:0
BRH:0
end_of_record
TN:
SF:src\models\cartItem.js
FNF:0
FNH:0
DA:1,1
DA:2,1
DA:4,1
DA:5,1
DA:7,1
DA:36,1
DA:37,1
DA:39,1
DA:40,1
DA:42,1
LF:10
LH:10
BRF:0
BRH:0
end_of_record
TN:
SF:src\models\category.js
FNF:0
FNH:0
DA:1,1
DA:2,1
DA:3,1
DA:4,1
DA:6,1
DA:23,1
DA:24,1
DA:26,1
LF:8
LH:8
BRF:0
BRH:0
end_of_record
TN:
SF:src\models\index.js
FN:23,(anonymous_60)
FN:23,_callee
FN:23,dbConnect
FNF:3
FNH:3
FNDA:1,(anonymous_60)
FNDA:3,_callee
FNDA:1,dbConnect
DA:1,1
DA:2,1
DA:3,1
DA:5,1
DA:7,1
DA:8,1
DA:10,1
DA:16,1
DA:23,12
DA:25,1
DA:26,1
DA:27,1
DA:29,0
DA:30,0
DA:34,1
DA:36,0
DA:40,1
DA:42,1
LF:18
LH:15
BRDA:23,0,0,1
BRDA:23,0,1,1
BRDA:23,0,2,0
BRDA:23,0,3,1
BRDA:23,0,4,1
BRDA:25,1,0,1
BRDA:25,1,1,0
BRDA:34,2,0,0
BRDA:34,2,1,1
BRF:9
BRH:6
end_of_record
TN:
SF:src\models\product.js
FNF:0
FNH:0
DA:1,1
DA:2,1
DA:4,1
DA:41,1
LF:4
LH:4
BRF:0
BRH:0
end_of_record
TN:
SF:src\models\productCat.js
FNF:0
FNH:0
DA:1,1
DA:2,1
DA:4,1
DA:17,1
LF:4
LH:4
BRF:0
BRH:0
end_of_record
TN:
SF:src\routes\cart.js
FNF:0
FNH:0
DA:1,1
DA:2,1
DA:4,1
DA:6,1
DA:7,1
DA:8,1
DA:9,1
DA:11,1
LF:8
LH:8
BRF:0
BRH:0
end_of_record
TN:
SF:src\routes\categories.js
FNF:0
FNH:0
DA:1,1
DA:2,1
DA:3,1
DA:5,1
DA:6,1
DA:7,1
DA:9,1
LF:7
LH:7
BRF:0
BRH:0
end_of_record
TN:
SF:src\routes\checkout.js
FNF:0
FNH:0
DA:1,1
DA:2,1
DA:4,1
DA:6,1
DA:8,1
LF:5
LH:5
BRF:0
BRH:0
end_of_record
TN:
SF:src\routes\products.js
FNF:0
FNH:0
DA:1,1
DA:2,1
DA:3,1
DA:5,1
DA:7,1
DA:8,1
DA:9,1
DA:10,1
DA:11,1
DA:13,1
LF:10
LH:10
BRF:0
BRH:0
end_of_record
TN:
SF:src\routes\users.js
FNF:0
FNH:0
DA:1,1
DA:2,1
DA:4,1
DA:6,1
DA:7,1
DA:8,1
DA:9,1
DA:11,1
LF:8
LH:8
BRF:0
BRH:0
end_of_record
